Using CUDA profile xy

RUNNING BENCHMARK WITH 1 REPETITIONS

Dataset size: 10000
Image size: 784
Batch size: 512
=> Executing 10000 images in 20 batches of 512...

Matches: 9031/10000
Accuracy: 90.31 %
Reference Accuracy: 90.31 %

Difference: -2.44141e-06
90.31,90.31,-2.44141e-06,2064.02

Total CPU time: 2.06 [s] => Latency: 0.21 [ms/elem]
Total GPU time: 3.52 [s] => Latency: 0.35 [ms/elem]

 Layer  0 time:       0.00[s], Ratio:    0.00% => kernel:       0.00[s], kRatio:    0.00%
 Layer  1 time:       1.09[s], Ratio:   52.68% => kernel:       3.44[s], kRatio:   97.79%
 Layer  2 time:       0.34[s], Ratio:   16.50% => kernel:       0.00[s], kRatio:    0.00%
 Layer  3 time:       0.25[s], Ratio:   11.94% => kernel:       0.01[s], kRatio:    0.24%
 Layer  4 time:       0.13[s], Ratio:    6.19% => kernel:       0.07[s], kRatio:    1.88%
 Layer  5 time:       0.12[s], Ratio:    5.97% => kernel:       0.00[s], kRatio:    0.00%
 Layer  6 time:       0.08[s], Ratio:    3.87% => kernel:       0.00[s], kRatio:    0.05%
 Layer  7 time:       0.00[s], Ratio:    0.00% => kernel:       0.00[s], kRatio:    0.00%
 Layer  8 time:       0.03[s], Ratio:    1.66% => kernel:       0.00[s], kRatio:    0.03%
 Layer  9 time:       0.00[s], Ratio:    0.06% => kernel:       0.00[s], kRatio:    0.00%
 Layer 10 time:       0.02[s], Ratio:    1.12% => kernel:       0.00[s], kRatio:    0.01%

Total time: 5.58s
