Using CUDA profile xy

RUNNING BENCHMARK WITH 1 REPETITIONS

Dataset size: 10000
Image size: 3072
Batch size: 128
=> Executing 10000 images in 79 batches of 128...

Matches: 6708/10000
Accuracy: 67.08 %
Reference Accuracy: 72.49 %

Difference: -5.41001
67.08,72.49,-5.41001,21990.4

Total CPU time: 21.99 [s] => Latency: 2.20 [ms/elem]
Total GPU time: 180.98 [s] => Latency: 18.10 [ms/elem]

 Layer  0 time:       0.00[s], Ratio:    0.00% => kernel:       0.00[s], kRatio:    0.00%
 Layer  1 time:       1.04[s], Ratio:    4.72% => kernel:      54.14[s], kRatio:   29.92%
 Layer  2 time:       3.79[s], Ratio:   17.28% => kernel:       0.00[s], kRatio:    0.00%
 Layer  3 time:       1.89[s], Ratio:    8.60% => kernel:      72.94[s], kRatio:   40.31%
 Layer  4 time:       4.00[s], Ratio:   18.21% => kernel:       0.00[s], kRatio:    0.00%
 Layer  5 time:       1.21[s], Ratio:    5.51% => kernel:       0.01[s], kRatio:    0.01%
 Layer  6 time:       0.72[s], Ratio:    3.30% => kernel:      10.94[s], kRatio:    6.04%
 Layer  7 time:       2.20[s], Ratio:   10.02% => kernel:       0.00[s], kRatio:    0.00%
 Layer  8 time:       0.96[s], Ratio:    4.39% => kernel:      27.25[s], kRatio:   15.05%
 Layer  9 time:       2.13[s], Ratio:    9.69% => kernel:       0.00[s], kRatio:    0.00%
 Layer 10 time:       0.62[s], Ratio:    2.82% => kernel:       0.00[s], kRatio:    0.00%
 Layer 11 time:       0.38[s], Ratio:    1.73% => kernel:       5.15[s], kRatio:    2.85%
 Layer 12 time:       1.22[s], Ratio:    5.56% => kernel:       0.00[s], kRatio:    0.00%
 Layer 13 time:       0.50[s], Ratio:    2.29% => kernel:      10.37[s], kRatio:    5.73%
 Layer 14 time:       0.84[s], Ratio:    3.80% => kernel:       0.00[s], kRatio:    0.00%
 Layer 15 time:       0.32[s], Ratio:    1.47% => kernel:       0.00[s], kRatio:    0.00%
 Layer 16 time:       0.00[s], Ratio:    0.00% => kernel:       0.00[s], kRatio:    0.00%
 Layer 17 time:       0.10[s], Ratio:    0.45% => kernel:       0.16[s], kRatio:    0.09%
 Layer 18 time:       0.02[s], Ratio:    0.08% => kernel:       0.00[s], kRatio:    0.00%
 Layer 19 time:       0.02[s], Ratio:    0.07% => kernel:       0.00[s], kRatio:    0.00%

Total time: 202.94s
