Using CUDA profile xy

RUNNING BENCHMARK WITH 1 REPETITIONS

Dataset size: 10000
Image size: 784
Batch size: 2
=> Executing 10000 images in 5000 batches of 2...

Matches: 9031/10000
Accuracy: 90.31 %
Reference Accuracy: 90.31 %

Difference: -2.44141e-06
90.31,90.31,-2.44141e-06,5473.71

Total CPU time: 5.47 [s] => Latency: 0.55 [ms/elem]
Total GPU time: 0.73 [s] => Latency: 0.07 [ms/elem]

 Layer  0 time:       0.00[s], Ratio:    0.00% => kernel:       0.00[s], kRatio:    0.00%
 Layer  1 time:       1.06[s], Ratio:   19.46% => kernel:       0.34[s], kRatio:   46.43%
 Layer  2 time:       0.33[s], Ratio:    6.07% => kernel:       0.00[s], kRatio:    0.00%
 Layer  3 time:       0.88[s], Ratio:   16.08% => kernel:       0.04[s], kRatio:    5.06%
 Layer  4 time:       0.84[s], Ratio:   15.32% => kernel:       0.26[s], kRatio:   35.31%
 Layer  5 time:       0.10[s], Ratio:    1.86% => kernel:       0.00[s], kRatio:    0.00%
 Layer  6 time:       0.69[s], Ratio:   12.62% => kernel:       0.01[s], kRatio:    2.02%
 Layer  7 time:       0.00[s], Ratio:    0.00% => kernel:       0.00[s], kRatio:    0.00%
 Layer  8 time:       0.83[s], Ratio:   15.22% => kernel:       0.06[s], kRatio:    8.08%
 Layer  9 time:       0.00[s], Ratio:    0.03% => kernel:       0.00[s], kRatio:    0.00%
 Layer 10 time:       0.73[s], Ratio:   13.33% => kernel:       0.02[s], kRatio:    3.10%

Total time: 6.20s
