Using CUDA profile xy
RUNNING BENCHMARK WITH 1 REPETITIONS

Dataset size: 10000
Image size: 784
Batch size: 16
=> Executing 10000 images in 625 batches of 16...

Matches: 9031/10000
Accuracy: 90.31 %
Reference Accuracy: 90.31 %

Difference: -2.44141e-06
90.31,90.31,-2.44141e-06,4359.23

Total CPU time: 4.36 [s] => Latency: 0.44 [ms/elem]
Total GPU time: 1.23 [s] => Latency: 0.12 [ms/elem]

 Layer  0 time:       0.00[s], Ratio:    0.00% => kernel:       0.00[s], kRatio:    0.00%
 Layer  1 time:       1.19[s], Ratio:   27.41% => kernel:       0.99[s], kRatio:   80.98%
 Layer  2 time:       0.35[s], Ratio:    8.02% => kernel:       0.00[s], kRatio:    0.00%
 Layer  3 time:       0.64[s], Ratio:   14.64% => kernel:       0.03[s], kRatio:    2.38%
 Layer  4 time:       0.58[s], Ratio:   13.26% => kernel:       0.10[s], kRatio:    8.25%
 Layer  5 time:       0.13[s], Ratio:    2.88% => kernel:       0.00[s], kRatio:    0.00%
 Layer  6 time:       0.45[s], Ratio:   10.44% => kernel:       0.04[s], kRatio:    3.16%
 Layer  7 time:       0.00[s], Ratio:    0.00% => kernel:       0.00[s], kRatio:    0.00%
 Layer  8 time:       0.52[s], Ratio:   11.92% => kernel:       0.04[s], kRatio:    3.21%
 Layer  9 time:       0.00[s], Ratio:    0.03% => kernel:       0.00[s], kRatio:    0.00%
 Layer 10 time:       0.50[s], Ratio:   11.39% => kernel:       0.02[s], kRatio:    2.03%

Total time: 5.58s
