Using CUDA profile xy

RUNNING BENCHMARK WITH 1 REPETITIONS

Dataset size: 10000
Image size: 784
Batch size: 256
=> Executing 10000 images in 40 batches of 256...

Matches: 7724/10000
Accuracy: 77.24 %
Reference Accuracy: 77.24 %

Difference: 5.49316e-06
77.24,77.24,5.49316e-06,8343.99

Total CPU time: 8.34 [s] => Latency: 0.83 [ms/elem]
Total GPU time: 14.63 [s] => Latency: 1.46 [ms/elem]

 Layer  0 time:       0.00[s], Ratio:    0.00% => kernel:       0.00[s], kRatio:    0.00%
 Layer  1 time:       2.19[s], Ratio:   26.24% => kernel:      10.90[s], kRatio:   74.53%
 Layer  2 time:       2.09[s], Ratio:   25.04% => kernel:       0.00[s], kRatio:    0.00%
 Layer  3 time:       1.81[s], Ratio:   21.78% => kernel:       0.07[s], kRatio:    0.45%
 Layer  4 time:       1.11[s], Ratio:   13.32% => kernel:       3.60[s], kRatio:   24.63%
 Layer  5 time:       0.61[s], Ratio:    7.31% => kernel:       0.00[s], kRatio:    0.00%
 Layer  6 time:       0.34[s], Ratio:    4.10% => kernel:       0.01[s], kRatio:    0.10%
 Layer  7 time:       0.00[s], Ratio:    0.00% => kernel:       0.00[s], kRatio:    0.00%
 Layer  8 time:       0.14[s], Ratio:    1.70% => kernel:       0.04[s], kRatio:    0.28%
 Layer  9 time:       0.00[s], Ratio:    0.04% => kernel:       0.00[s], kRatio:    0.00%
 Layer 10 time:       0.04[s], Ratio:    0.48% => kernel:       0.00[s], kRatio:    0.01%

Total time: 22.96s
