Using CUDA profile xy
RUNNING BENCHMARK WITH 1 REPETITIONS

Dataset size: 10000
Image size: 784
Batch size: 1
=> Executing 10000 images in 10000 batches of 1...

Matches: 9031/10000
Accuracy: 90.31 %
Reference Accuracy: 90.31 %

Difference: -2.44141e-06
90.31,90.31,-2.44141e-06,49867.2

Total CPU time: 49.87 [s] => Latency: 4.99 [ms/elem]
Total GPU time: 4.89 [s] => Latency: 0.49 [ms/elem]

Layer 01 time:       0.00[s], Ratio:    0.00% => kernel:       0.00[s], kRatio:    0.00%
Layer 02 time:       9.08[s], Ratio:   18.21% => kernel:       2.08[s], kRatio:   42.64%
Layer 03 time:       0.34[s], Ratio:    0.68% => kernel:       0.00[s], kRatio:    0.00%
Layer 04 time:       7.77[s], Ratio:   15.60% => kernel:       0.61[s], kRatio:   12.55%
Layer 05 time:       8.42[s], Ratio:   16.89% => kernel:       1.12[s], kRatio:   22.87%
Layer 06 time:       0.14[s], Ratio:    0.28% => kernel:       0.00[s], kRatio:    0.00%
Layer 07 time:       7.27[s], Ratio:   14.58% => kernel:       0.19[s], kRatio:    3.95%
Layer 08 time:       0.00[s], Ratio:    0.00% => kernel:       0.00[s], kRatio:    0.00%
Layer 09 time:       8.75[s], Ratio:   17.55% => kernel:       0.66[s], kRatio:   13.56%
Layer 10 time:       0.00[s], Ratio:    0.01% => kernel:       0.00[s], kRatio:    0.00%
Layer 11 time:       8.08[s], Ratio:   16.21% => kernel:       0.22[s], kRatio:    4.42%

Total time: 54.73s
