Using CUDA profile xy

RUNNING BENCHMARK WITH 1 REPETITIONS

Dataset size: 10000
Image size: 784
Batch size: 32
=> Executing 10000 images in 313 batches of 32...

Matches: 9031/10000
Accuracy: 90.31 %
Reference Accuracy: 90.31 %

Difference: -2.44141e-06
90.31,90.31,-2.44141e-06,3869.2

Total CPU time: 3.87 [s] => Latency: 0.39 [ms/elem]
Total GPU time: 1.65 [s] => Latency: 0.16 [ms/elem]

 Layer  0 time:       0.00[s], Ratio:    0.00% => kernel:       0.00[s], kRatio:    0.00%
 Layer  1 time:       1.49[s], Ratio:   38.59% => kernel:       1.53[s], kRatio:   92.75%
 Layer  2 time:       0.40[s], Ratio:   10.26% => kernel:       0.00[s], kRatio:    0.00%
 Layer  3 time:       0.66[s], Ratio:   17.11% => kernel:       0.02[s], kRatio:    1.04%
 Layer  4 time:       0.37[s], Ratio:    9.54% => kernel:       0.07[s], kRatio:    4.31%
 Layer  5 time:       0.13[s], Ratio:    3.38% => kernel:       0.00[s], kRatio:    0.00%
 Layer  6 time:       0.28[s], Ratio:    7.16% => kernel:       0.01[s], kRatio:    0.87%
 Layer  7 time:       0.00[s], Ratio:    0.00% => kernel:       0.00[s], kRatio:    0.00%
 Layer  8 time:       0.28[s], Ratio:    7.28% => kernel:       0.01[s], kRatio:    0.82%
 Layer  9 time:       0.00[s], Ratio:    0.04% => kernel:       0.00[s], kRatio:    0.00%
 Layer 10 time:       0.26[s], Ratio:    6.64% => kernel:       0.00[s], kRatio:    0.20%

Total time: 5.52s
