Using CUDA profile xy

RUNNING BENCHMARK WITH 1 REPETITIONS

Dataset size: 10000
Image size: 3072
Batch size: 4
=> Executing 10000 images in 2500 batches of 4...

Matches: 6708/10000
Accuracy: 67.08 %
Reference Accuracy: 72.49 %

Difference: -5.41001
67.08,72.49,-5.41001,28994.1

Total CPU time: 28.99 [s] => Latency: 2.90 [ms/elem]
Total GPU time: 68.02 [s] => Latency: 6.80 [ms/elem]

 Layer  0 time:       0.00[s], Ratio:    0.00% => kernel:       0.00[s], kRatio:    0.00%
 Layer  1 time:       1.86[s], Ratio:    6.42% => kernel:       4.60[s], kRatio:    6.76%
 Layer  2 time:       4.02[s], Ratio:   13.89% => kernel:       0.00[s], kRatio:    0.00%
 Layer  3 time:       2.96[s], Ratio:   10.21% => kernel:       5.98[s], kRatio:    8.79%
 Layer  4 time:       4.10[s], Ratio:   14.15% => kernel:       0.00[s], kRatio:    0.00%
 Layer  5 time:       1.92[s], Ratio:    6.63% => kernel:       0.02[s], kRatio:    0.03%
 Layer  6 time:       1.25[s], Ratio:    4.31% => kernel:       4.66[s], kRatio:    6.85%
 Layer  7 time:       2.14[s], Ratio:    7.39% => kernel:       0.00[s], kRatio:    0.00%
 Layer  8 time:       1.81[s], Ratio:    6.26% => kernel:       8.80[s], kRatio:   12.93%
 Layer  9 time:       2.13[s], Ratio:    7.36% => kernel:       0.00[s], kRatio:    0.00%
 Layer 10 time:       1.02[s], Ratio:    3.52% => kernel:       0.02[s], kRatio:    0.03%
 Layer 11 time:       0.88[s], Ratio:    3.03% => kernel:      14.43[s], kRatio:   21.22%
 Layer 12 time:       1.21[s], Ratio:    4.18% => kernel:       0.00[s], kRatio:    0.00%
 Layer 13 time:       1.05[s], Ratio:    3.64% => kernel:      28.93[s], kRatio:   42.54%
 Layer 14 time:       0.84[s], Ratio:    2.90% => kernel:       0.00[s], kRatio:    0.00%
 Layer 15 time:       0.68[s], Ratio:    2.33% => kernel:       0.04[s], kRatio:    0.06%
 Layer 16 time:       0.00[s], Ratio:    0.00% => kernel:       0.00[s], kRatio:    0.00%
 Layer 17 time:       0.70[s], Ratio:    2.43% => kernel:       0.51[s], kRatio:    0.75%
 Layer 18 time:       0.02[s], Ratio:    0.06% => kernel:       0.00[s], kRatio:    0.00%
 Layer 19 time:       0.38[s], Ratio:    1.30% => kernel:       0.02[s], kRatio:    0.03%

Total time: 96.99s
