Using CUDA profile y
RUNNING BENCHMARK WITH 1 REPETITIONS

Dataset size: 10000
Image size: 784
Batch size: 16
=> Executing 10000 images in 625 batches of 16...

Matches: 9031/10000
Accuracy: 90.31 %
Reference Accuracy: 90.31 %

Difference: -2.44141e-06
90.31,90.31,-2.44141e-06,4339.82

Total CPU time: 4.34 [s] => Latency: 0.43 [ms/elem]
Total GPU time: 1.42 [s] => Latency: 0.14 [ms/elem]

 Layer  0 time:       0.00[s], Ratio:    0.00% => kernel:       0.00[s], kRatio:    0.00%
 Layer  1 time:       1.18[s], Ratio:   27.29% => kernel:       1.02[s], kRatio:   71.80%
 Layer  2 time:       0.35[s], Ratio:    8.16% => kernel:       0.00[s], kRatio:    0.00%
 Layer  3 time:       0.64[s], Ratio:   14.79% => kernel:       0.04[s], kRatio:    2.84%
 Layer  4 time:       0.58[s], Ratio:   13.35% => kernel:       0.25[s], kRatio:   17.89%
 Layer  5 time:       0.13[s], Ratio:    2.93% => kernel:       0.00[s], kRatio:    0.00%
 Layer  6 time:       0.46[s], Ratio:   10.60% => kernel:       0.04[s], kRatio:    2.68%
 Layer  7 time:       0.00[s], Ratio:    0.00% => kernel:       0.00[s], kRatio:    0.00%
 Layer  8 time:       0.51[s], Ratio:   11.72% => kernel:       0.05[s], kRatio:    3.50%
 Layer  9 time:       0.00[s], Ratio:    0.03% => kernel:       0.00[s], kRatio:    0.00%
 Layer 10 time:       0.48[s], Ratio:   11.12% => kernel:       0.02[s], kRatio:    1.28%

Total time: 5.75s
