Using CUDA profile y

RUNNING BENCHMARK WITH 1 REPETITIONS

Dataset size: 10000
Image size: 784
Batch size: 256
=> Executing 10000 images in 40 batches of 256...

Matches: 9031/10000
Accuracy: 90.31 %
Reference Accuracy: 90.31 %

Difference: -2.44141e-06
90.31,90.31,-2.44141e-06,2324.04

Total CPU time: 2.32 [s] => Latency: 0.23 [ms/elem]
Total GPU time: 1.20 [s] => Latency: 0.12 [ms/elem]

 Layer  0 time:       0.00[s], Ratio:    0.00% => kernel:       0.00[s], kRatio:    0.00%
 Layer  1 time:       1.16[s], Ratio:   49.96% => kernel:       0.91[s], kRatio:   76.07%
 Layer  2 time:       0.34[s], Ratio:   14.60% => kernel:       0.00[s], kRatio:    0.00%
 Layer  3 time:       0.28[s], Ratio:   12.13% => kernel:       0.02[s], kRatio:    1.45%
 Layer  4 time:       0.19[s], Ratio:    8.23% => kernel:       0.24[s], kRatio:   19.75%
 Layer  5 time:       0.12[s], Ratio:    5.26% => kernel:       0.00[s], kRatio:    0.00%
 Layer  6 time:       0.12[s], Ratio:    5.18% => kernel:       0.01[s], kRatio:    1.15%
 Layer  7 time:       0.00[s], Ratio:    0.00% => kernel:       0.00[s], kRatio:    0.00%
 Layer  8 time:       0.06[s], Ratio:    2.62% => kernel:       0.02[s], kRatio:    1.49%
 Layer  9 time:       0.00[s], Ratio:    0.06% => kernel:       0.00[s], kRatio:    0.00%
 Layer 10 time:       0.05[s], Ratio:    1.97% => kernel:       0.00[s], kRatio:    0.10%

Total time: 3.52s
