Using CUDA profile y

RUNNING BENCHMARK WITH 1 REPETITIONS

Dataset size: 10000
Image size: 784
Batch size: 64
=> Executing 10000 images in 157 batches of 64...

Matches: 9031/10000
Accuracy: 90.31 %
Reference Accuracy: 90.31 %

Difference: -2.44141e-06
90.31,90.31,-2.44141e-06,2866.56

Total CPU time: 2.87 [s] => Latency: 0.29 [ms/elem]
Total GPU time: 1.16 [s] => Latency: 0.12 [ms/elem]

 Layer  0 time:       0.00[s], Ratio:    0.00% => kernel:       0.00[s], kRatio:    0.00%
 Layer  1 time:       0.94[s], Ratio:   32.80% => kernel:       0.89[s], kRatio:   76.52%
 Layer  2 time:       0.37[s], Ratio:   12.89% => kernel:       0.00[s], kRatio:    0.00%
 Layer  3 time:       0.49[s], Ratio:   17.26% => kernel:       0.02[s], kRatio:    1.90%
 Layer  4 time:       0.39[s], Ratio:   13.58% => kernel:       0.21[s], kRatio:   18.36%
 Layer  5 time:       0.13[s], Ratio:    4.41% => kernel:       0.00[s], kRatio:    0.00%
 Layer  6 time:       0.19[s], Ratio:    6.76% => kernel:       0.01[s], kRatio:    1.14%
 Layer  7 time:       0.00[s], Ratio:    0.00% => kernel:       0.00[s], kRatio:    0.00%
 Layer  8 time:       0.19[s], Ratio:    6.64% => kernel:       0.02[s], kRatio:    1.90%
 Layer  9 time:       0.00[s], Ratio:    0.05% => kernel:       0.00[s], kRatio:    0.00%
 Layer 10 time:       0.16[s], Ratio:    5.61% => kernel:       0.00[s], kRatio:    0.18%

Total time: 4.02s
