Using CUDA profile y

RUNNING BENCHMARK WITH 1 REPETITIONS

Dataset size: 10000
Image size: 3072
Batch size: 4
=> Executing 10000 images in 2500 batches of 4...

Matches: 6708/10000
Accuracy: 67.08 %
Reference Accuracy: 72.49 %

Difference: -5.41001
67.08,72.49,-5.41001,64804.8

Total CPU time: 64.80 [s] => Latency: 6.48 [ms/elem]
Total GPU time: 112.45 [s] => Latency: 11.24 [ms/elem]

 Layer  0 time:       0.00[s], Ratio:    0.00% => kernel:       0.00[s], kRatio:    0.00%
 Layer  1 time:       6.13[s], Ratio:    9.47% => kernel:       8.45[s], kRatio:    7.51%
 Layer  2 time:       4.32[s], Ratio:    6.68% => kernel:       0.00[s], kRatio:    0.00%
 Layer  3 time:       7.81[s], Ratio:   12.05% => kernel:       9.92[s], kRatio:    8.82%
 Layer  4 time:       4.57[s], Ratio:    7.05% => kernel:       0.00[s], kRatio:    0.00%
 Layer  5 time:       5.18[s], Ratio:    8.00% => kernel:       0.17[s], kRatio:    0.15%
 Layer  6 time:       3.42[s], Ratio:    5.28% => kernel:       6.86[s], kRatio:    6.10%
 Layer  7 time:       2.52[s], Ratio:    3.89% => kernel:       0.00[s], kRatio:    0.00%
 Layer  8 time:       5.77[s], Ratio:    8.90% => kernel:      13.24[s], kRatio:   11.77%
 Layer  9 time:       2.46[s], Ratio:    3.79% => kernel:       0.00[s], kRatio:    0.00%
 Layer 10 time:       3.17[s], Ratio:    4.89% => kernel:       0.18[s], kRatio:    0.16%
 Layer 11 time:       3.51[s], Ratio:    5.42% => kernel:      21.29[s], kRatio:   18.93%
 Layer 12 time:       1.31[s], Ratio:    2.02% => kernel:       0.00[s], kRatio:    0.00%
 Layer 13 time:       4.43[s], Ratio:    6.84% => kernel:      50.52[s], kRatio:   44.93%
 Layer 14 time:       0.96[s], Ratio:    1.48% => kernel:       0.00[s], kRatio:    0.00%
 Layer 15 time:       3.50[s], Ratio:    5.41% => kernel:       0.20[s], kRatio:    0.18%
 Layer 16 time:       0.00[s], Ratio:    0.00% => kernel:       0.00[s], kRatio:    0.00%
 Layer 17 time:       3.20[s], Ratio:    4.95% => kernel:       1.52[s], kRatio:    1.35%
 Layer 18 time:       0.02[s], Ratio:    0.03% => kernel:       0.00[s], kRatio:    0.00%
 Layer 19 time:       2.49[s], Ratio:    3.84% => kernel:       0.10[s], kRatio:    0.09%

Total time: 177.20s
