Using CUDA profile y
RUNNING BENCHMARK WITH 1 REPETITIONS

Dataset size: 10000
Image size: 784
Batch size: 1
=> Executing 10000 images in 10000 batches of 1...

Matches: 9031/10000
Accuracy: 90.31 %
Reference Accuracy: 90.31 %

Difference: -2.44141e-06
90.31,90.31,-2.44141e-06,47658

Total CPU time: 47.66 [s] => Latency: 4.77 [ms/elem]
Total GPU time: 4.77 [s] => Latency: 0.48 [ms/elem]

 Layer  0 time:       0.00[s], Ratio:    0.00% => kernel:       0.00[s], kRatio:    0.00%
 Layer  1 time:       8.63[s], Ratio:   18.12% => kernel:       2.03[s], kRatio:   42.55%
 Layer  2 time:       0.42[s], Ratio:    0.88% => kernel:       0.00[s], kRatio:    0.00%
 Layer  3 time:       7.55[s], Ratio:   15.86% => kernel:       0.63[s], kRatio:   13.21%
 Layer  4 time:       7.95[s], Ratio:   16.69% => kernel:       1.07[s], kRatio:   22.40%
 Layer  5 time:       0.13[s], Ratio:    0.28% => kernel:       0.00[s], kRatio:    0.00%
 Layer  6 time:       6.94[s], Ratio:   14.57% => kernel:       0.18[s], kRatio:    3.85%
 Layer  7 time:       0.00[s], Ratio:    0.00% => kernel:       0.00[s], kRatio:    0.00%
 Layer  8 time:       8.40[s], Ratio:   17.63% => kernel:       0.64[s], kRatio:   13.45%
 Layer  9 time:       0.00[s], Ratio:    0.01% => kernel:       0.00[s], kRatio:    0.00%
 Layer 10 time:       7.61[s], Ratio:   15.97% => kernel:       0.22[s], kRatio:    4.52%

Total time: 52.40s
