Using CUDA profile y
RUNNING BENCHMARK WITH 1 REPETITIONS

Dataset size: 10000
Image size: 784
Batch size: 32
=> Executing 10000 images in 313 batches of 32...

Matches: 9031/10000
Accuracy: 90.31 %
Reference Accuracy: 90.31 %

Difference: -2.44141e-06
90.31,90.31,-2.44141e-06,3455.03

Total CPU time: 3.46 [s] => Latency: 0.35 [ms/elem]
Total GPU time: 1.18 [s] => Latency: 0.12 [ms/elem]

Layer 01 time:       0.00[s], Ratio:    0.00% => kernel:       0.00[s], kRatio:    0.00%
Layer 02 time:       1.12[s], Ratio:   32.54% => kernel:       0.89[s], kRatio:   75.63%
Layer 03 time:       0.31[s], Ratio:    9.05% => kernel:       0.00[s], kRatio:    0.00%
Layer 04 time:       0.68[s], Ratio:   19.62% => kernel:       0.03[s], kRatio:    2.30%
Layer 05 time:       0.37[s], Ratio:   10.64% => kernel:       0.21[s], kRatio:   17.41%
Layer 06 time:       0.12[s], Ratio:    3.50% => kernel:       0.00[s], kRatio:    0.00%
Layer 07 time:       0.29[s], Ratio:    8.27% => kernel:       0.02[s], kRatio:    1.70%
Layer 08 time:       0.00[s], Ratio:    0.00% => kernel:       0.00[s], kRatio:    0.00%
Layer 09 time:       0.29[s], Ratio:    8.46% => kernel:       0.03[s], kRatio:    2.49%
Layer 10 time:       0.00[s], Ratio:    0.04% => kernel:       0.00[s], kRatio:    0.00%
Layer 11 time:       0.27[s], Ratio:    7.87% => kernel:       0.01[s], kRatio:    0.47%

Total time: 4.63s
