Using CUDA profile y

RUNNING BENCHMARK WITH 1 REPETITIONS

Dataset size: 10000
Image size: 784
Batch size: 128
=> Executing 10000 images in 79 batches of 128...

Matches: 9031/10000
Accuracy: 90.31 %
Reference Accuracy: 90.31 %

Difference: -2.44141e-06
90.31,90.31,-2.44141e-06,2762.2

Total CPU time: 2.76 [s] => Latency: 0.28 [ms/elem]
Total GPU time: 1.19 [s] => Latency: 0.12 [ms/elem]

 Layer  0 time:       0.00[s], Ratio:    0.00% => kernel:       0.00[s], kRatio:    0.00%
 Layer  1 time:       1.26[s], Ratio:   45.66% => kernel:       0.90[s], kRatio:   75.28%
 Layer  2 time:       0.34[s], Ratio:   12.16% => kernel:       0.00[s], kRatio:    0.00%
 Layer  3 time:       0.38[s], Ratio:   13.78% => kernel:       0.02[s], kRatio:    1.64%
 Layer  4 time:       0.26[s], Ratio:    9.27% => kernel:       0.23[s], kRatio:   19.61%
 Layer  5 time:       0.12[s], Ratio:    4.33% => kernel:       0.00[s], kRatio:    0.00%
 Layer  6 time:       0.20[s], Ratio:    7.37% => kernel:       0.02[s], kRatio:    1.27%
 Layer  7 time:       0.00[s], Ratio:    0.00% => kernel:       0.00[s], kRatio:    0.00%
 Layer  8 time:       0.11[s], Ratio:    4.02% => kernel:       0.02[s], kRatio:    1.78%
 Layer  9 time:       0.00[s], Ratio:    0.05% => kernel:       0.00[s], kRatio:    0.00%
 Layer 10 time:       0.09[s], Ratio:    3.36% => kernel:       0.00[s], kRatio:    0.41%

Total time: 3.95s
