Using CUDA profile y

RUNNING BENCHMARK WITH 1 REPETITIONS

Dataset size: 10000
Image size: 784
Batch size: 512
=> Executing 10000 images in 20 batches of 512...

Matches: 9031/10000
Accuracy: 90.31 %
Reference Accuracy: 90.31 %

Difference: -2.44141e-06
90.31,90.31,-2.44141e-06,2379.34

Total CPU time: 2.38 [s] => Latency: 0.24 [ms/elem]
Total GPU time: 1.20 [s] => Latency: 0.12 [ms/elem]

 Layer  0 time:       0.00[s], Ratio:    0.00% => kernel:       0.00[s], kRatio:    0.00%
 Layer  1 time:       1.37[s], Ratio:   57.51% => kernel:       0.91[s], kRatio:   76.09%
 Layer  2 time:       0.36[s], Ratio:   15.14% => kernel:       0.00[s], kRatio:    0.00%
 Layer  3 time:       0.25[s], Ratio:   10.61% => kernel:       0.02[s], kRatio:    1.33%
 Layer  4 time:       0.13[s], Ratio:    5.46% => kernel:       0.24[s], kRatio:   19.76%
 Layer  5 time:       0.12[s], Ratio:    5.19% => kernel:       0.00[s], kRatio:    0.00%
 Layer  6 time:       0.08[s], Ratio:    3.43% => kernel:       0.01[s], kRatio:    1.14%
 Layer  7 time:       0.00[s], Ratio:    0.00% => kernel:       0.00[s], kRatio:    0.00%
 Layer  8 time:       0.04[s], Ratio:    1.52% => kernel:       0.02[s], kRatio:    1.59%
 Layer  9 time:       0.00[s], Ratio:    0.06% => kernel:       0.00[s], kRatio:    0.00%
 Layer 10 time:       0.03[s], Ratio:    1.08% => kernel:       0.00[s], kRatio:    0.09%

Total time: 3.57s
