Using CUDA profile xz

RUNNING BENCHMARK WITH 1 REPETITIONS

Dataset size: 10000
Image size: 3072
Batch size: 128
=> Executing 10000 images in 79 batches of 128...

Matches: 6708/10000
Accuracy: 67.08 %
Reference Accuracy: 72.49 %

Difference: -5.41001
67.08,72.49,-5.41001,22045.3

Total CPU time: 22.05 [s] => Latency: 2.20 [ms/elem]
Total GPU time: 170.28 [s] => Latency: 17.03 [ms/elem]

 Layer  0 time:       0.00[s], Ratio:    0.00% => kernel:       0.00[s], kRatio:    0.00%
 Layer  1 time:       1.06[s], Ratio:    4.80% => kernel:      40.47[s], kRatio:   23.77%
 Layer  2 time:       3.81[s], Ratio:   17.31% => kernel:       0.00[s], kRatio:    0.00%
 Layer  3 time:       1.89[s], Ratio:    8.59% => kernel:      55.38[s], kRatio:   32.52%
 Layer  4 time:       4.01[s], Ratio:   18.20% => kernel:       0.00[s], kRatio:    0.00%
 Layer  5 time:       1.21[s], Ratio:    5.48% => kernel:       0.04[s], kRatio:    0.02%
 Layer  6 time:       0.72[s], Ratio:    3.28% => kernel:      21.70[s], kRatio:   12.74%
 Layer  7 time:       2.20[s], Ratio:   10.01% => kernel:       0.00[s], kRatio:    0.00%
 Layer  8 time:       0.97[s], Ratio:    4.39% => kernel:      44.97[s], kRatio:   26.41%
 Layer  9 time:       2.13[s], Ratio:    9.68% => kernel:       0.00[s], kRatio:    0.00%
 Layer 10 time:       0.62[s], Ratio:    2.80% => kernel:       0.01[s], kRatio:    0.00%
 Layer 11 time:       0.38[s], Ratio:    1.72% => kernel:       2.46[s], kRatio:    1.44%
 Layer 12 time:       1.22[s], Ratio:    5.56% => kernel:       0.00[s], kRatio:    0.00%
 Layer 13 time:       0.50[s], Ratio:    2.29% => kernel:       5.10[s], kRatio:    2.99%
 Layer 14 time:       0.84[s], Ratio:    3.81% => kernel:       0.00[s], kRatio:    0.00%
 Layer 15 time:       0.32[s], Ratio:    1.46% => kernel:       0.01[s], kRatio:    0.00%
 Layer 16 time:       0.00[s], Ratio:    0.00% => kernel:       0.00[s], kRatio:    0.00%
 Layer 17 time:       0.10[s], Ratio:    0.45% => kernel:       0.16[s], kRatio:    0.09%
 Layer 18 time:       0.02[s], Ratio:    0.08% => kernel:       0.00[s], kRatio:    0.00%
 Layer 19 time:       0.02[s], Ratio:    0.08% => kernel:       0.00[s], kRatio:    0.00%

Total time: 192.30s
