Using CUDA profile xz

RUNNING BENCHMARK WITH 1 REPETITIONS

Dataset size: 10000
Image size: 784
Batch size: 16
=> Executing 10000 images in 625 batches of 16...

Matches: 9031/10000
Accuracy: 90.31 %
Reference Accuracy: 90.31 %

Difference: -2.44141e-06
90.31,90.31,-2.44141e-06,4358.94

Total CPU time: 4.36 [s] => Latency: 0.44 [ms/elem]
Total GPU time: 2.06 [s] => Latency: 0.21 [ms/elem]

 Layer  0 time:       0.00[s], Ratio:    0.00% => kernel:       0.00[s], kRatio:    0.00%
 Layer  1 time:       1.15[s], Ratio:   26.40% => kernel:       1.90[s], kRatio:   92.09%
 Layer  2 time:       0.35[s], Ratio:    8.07% => kernel:       0.00[s], kRatio:    0.00%
 Layer  3 time:       0.68[s], Ratio:   15.65% => kernel:       0.03[s], kRatio:    1.32%
 Layer  4 time:       0.59[s], Ratio:   13.51% => kernel:       0.07[s], kRatio:    3.51%
 Layer  5 time:       0.13[s], Ratio:    2.91% => kernel:       0.00[s], kRatio:    0.00%
 Layer  6 time:       0.47[s], Ratio:   10.88% => kernel:       0.03[s], kRatio:    1.38%
 Layer  7 time:       0.00[s], Ratio:    0.00% => kernel:       0.00[s], kRatio:    0.00%
 Layer  8 time:       0.51[s], Ratio:   11.69% => kernel:       0.03[s], kRatio:    1.36%
 Layer  9 time:       0.00[s], Ratio:    0.03% => kernel:       0.00[s], kRatio:    0.00%
 Layer 10 time:       0.47[s], Ratio:   10.86% => kernel:       0.01[s], kRatio:    0.34%

Total time: 6.42s
