Using CUDA profile xz

RUNNING BENCHMARK WITH 1 REPETITIONS

Dataset size: 10000
Image size: 3072
Batch size: 2
=> Executing 10000 images in 5000 batches of 2...

Matches: 6708/10000
Accuracy: 67.08 %
Reference Accuracy: 72.49 %

Difference: -5.41001
67.08,72.49,-5.41001,78074.2

Total CPU time: 78.07 [s] => Latency: 7.81 [ms/elem]
Total GPU time: 37.76 [s] => Latency: 3.78 [ms/elem]

 Layer  0 time:       0.00[s], Ratio:    0.00% => kernel:       0.00[s], kRatio:    0.00%
 Layer  1 time:       6.61[s], Ratio:    8.48% => kernel:       6.67[s], kRatio:   17.67%
 Layer  2 time:       3.94[s], Ratio:    5.05% => kernel:       0.00[s], kRatio:    0.00%
 Layer  3 time:      10.06[s], Ratio:   12.90% => kernel:       8.41[s], kRatio:   22.28%
 Layer  4 time:       4.28[s], Ratio:    5.48% => kernel:       0.00[s], kRatio:    0.00%
 Layer  5 time:       5.32[s], Ratio:    6.82% => kernel:       0.34[s], kRatio:    0.91%
 Layer  6 time:       5.52[s], Ratio:    7.07% => kernel:       3.65[s], kRatio:    9.67%
 Layer  7 time:       2.57[s], Ratio:    3.29% => kernel:       0.00[s], kRatio:    0.00%
 Layer  8 time:       5.83[s], Ratio:    7.47% => kernel:       7.27[s], kRatio:   19.26%
 Layer  9 time:       2.51[s], Ratio:    3.22% => kernel:       0.00[s], kRatio:    0.00%
 Layer 10 time:       4.59[s], Ratio:    5.88% => kernel:       0.31[s], kRatio:    0.82%
 Layer 11 time:       5.10[s], Ratio:    6.54% => kernel:       3.32[s], kRatio:    8.80%
 Layer 12 time:       1.40[s], Ratio:    1.80% => kernel:       0.00[s], kRatio:    0.00%
 Layer 13 time:       5.40[s], Ratio:    6.93% => kernel:       6.47[s], kRatio:   17.12%
 Layer 14 time:       0.99[s], Ratio:    1.26% => kernel:       0.00[s], kRatio:    0.00%
 Layer 15 time:       4.25[s], Ratio:    5.45% => kernel:       0.31[s], kRatio:    0.81%
 Layer 16 time:       0.00[s], Ratio:    0.00% => kernel:       0.00[s], kRatio:    0.00%
 Layer 17 time:       5.16[s], Ratio:    6.62% => kernel:       0.95[s], kRatio:    2.51%
 Layer 18 time:       0.02[s], Ratio:    0.03% => kernel:       0.00[s], kRatio:    0.00%
 Layer 19 time:       4.45[s], Ratio:    5.71% => kernel:       0.06[s], kRatio:    0.15%

Total time: 115.76s
