Using CUDA profile xz

RUNNING BENCHMARK WITH 1 REPETITIONS

Dataset size: 10000
Image size: 784
Batch size: 4
=> Executing 10000 images in 2500 batches of 4...

Matches: 9031/10000
Accuracy: 90.31 %
Reference Accuracy: 90.31 %

Difference: -2.44141e-06
90.31,90.31,-2.44141e-06,3241.36

Total CPU time: 3.24 [s] => Latency: 0.32 [ms/elem]
Total GPU time: 0.46 [s] => Latency: 0.05 [ms/elem]

 Layer  0 time:       0.00[s], Ratio:    0.00% => kernel:       0.00[s], kRatio:    0.00%
 Layer  1 time:       0.66[s], Ratio:   20.51% => kernel:       0.31[s], kRatio:   67.83%
 Layer  2 time:       0.33[s], Ratio:   10.04% => kernel:       0.00[s], kRatio:    0.00%
 Layer  3 time:       0.55[s], Ratio:   16.89% => kernel:       0.02[s], kRatio:    4.60%
 Layer  4 time:       0.46[s], Ratio:   14.32% => kernel:       0.08[s], kRatio:   17.09%
 Layer  5 time:       0.10[s], Ratio:    3.06% => kernel:       0.00[s], kRatio:    0.00%
 Layer  6 time:       0.36[s], Ratio:   11.11% => kernel:       0.01[s], kRatio:    1.63%
 Layer  7 time:       0.00[s], Ratio:    0.00% => kernel:       0.00[s], kRatio:    0.00%
 Layer  8 time:       0.42[s], Ratio:   12.85% => kernel:       0.03[s], kRatio:    6.25%
 Layer  9 time:       0.00[s], Ratio:    0.04% => kernel:       0.00[s], kRatio:    0.00%
 Layer 10 time:       0.36[s], Ratio:   11.16% => kernel:       0.01[s], kRatio:    2.59%

Total time: 3.69s
