Using CUDA profile xz

RUNNING BENCHMARK WITH 1 REPETITIONS

Dataset size: 10000
Image size: 784
Batch size: 64
=> Executing 10000 images in 157 batches of 64...

Matches: 9031/10000
Accuracy: 90.31 %
Reference Accuracy: 90.31 %

Difference: -2.44141e-06
90.31,90.31,-2.44141e-06,2937.96

Total CPU time: 2.94 [s] => Latency: 0.29 [ms/elem]
Total GPU time: 2.15 [s] => Latency: 0.21 [ms/elem]

 Layer  0 time:       0.00[s], Ratio:    0.00% => kernel:       0.00[s], kRatio:    0.00%
 Layer  1 time:       0.97[s], Ratio:   33.20% => kernel:       1.99[s], kRatio:   92.80%
 Layer  2 time:       0.37[s], Ratio:   12.52% => kernel:       0.00[s], kRatio:    0.00%
 Layer  3 time:       0.55[s], Ratio:   18.65% => kernel:       0.01[s], kRatio:    0.55%
 Layer  4 time:       0.39[s], Ratio:   13.26% => kernel:       0.13[s], kRatio:    5.84%
 Layer  5 time:       0.13[s], Ratio:    4.26% => kernel:       0.00[s], kRatio:    0.00%
 Layer  6 time:       0.19[s], Ratio:    6.43% => kernel:       0.01[s], kRatio:    0.39%
 Layer  7 time:       0.00[s], Ratio:    0.00% => kernel:       0.00[s], kRatio:    0.00%
 Layer  8 time:       0.18[s], Ratio:    6.27% => kernel:       0.01[s], kRatio:    0.34%
 Layer  9 time:       0.00[s], Ratio:    0.05% => kernel:       0.00[s], kRatio:    0.00%
 Layer 10 time:       0.16[s], Ratio:    5.36% => kernel:       0.00[s], kRatio:    0.08%

Total time: 5.08s
