Using CUDA profile xz
RUNNING BENCHMARK WITH 1 REPETITIONS

Dataset size: 10000
Image size: 784
Batch size: 1
=> Executing 10000 images in 10000 batches of 1...

Matches: 9031/10000
Accuracy: 90.31 %
Reference Accuracy: 90.31 %

Difference: -2.44141e-06
90.31,90.31,-2.44141e-06,50209

Total CPU time: 50.21 [s] => Latency: 5.02 [ms/elem]
Total GPU time: 4.31 [s] => Latency: 0.43 [ms/elem]

Layer 01 time:       0.00[s], Ratio:    0.00% => kernel:       0.00[s], kRatio:    0.00%
Layer 02 time:       9.13[s], Ratio:   18.19% => kernel:       2.13[s], kRatio:   49.47%
Layer 03 time:       0.34[s], Ratio:    0.68% => kernel:       0.00[s], kRatio:    0.00%
Layer 04 time:       7.79[s], Ratio:   15.53% => kernel:       0.63[s], kRatio:   14.57%
Layer 05 time:       8.52[s], Ratio:   16.98% => kernel:       0.48[s], kRatio:   11.24%
Layer 06 time:       0.14[s], Ratio:    0.28% => kernel:       0.00[s], kRatio:    0.00%
Layer 07 time:       7.28[s], Ratio:   14.51% => kernel:       0.20[s], kRatio:    4.71%
Layer 08 time:       0.00[s], Ratio:    0.00% => kernel:       0.00[s], kRatio:    0.00%
Layer 09 time:       8.81[s], Ratio:   17.55% => kernel:       0.65[s], kRatio:   15.10%
Layer 10 time:       0.00[s], Ratio:    0.01% => kernel:       0.00[s], kRatio:    0.00%
Layer 11 time:       8.17[s], Ratio:   16.28% => kernel:       0.21[s], kRatio:    4.92%

Total time: 54.49s
