Using CUDA profile xz

RUNNING BENCHMARK WITH 1 REPETITIONS

Dataset size: 10000
Image size: 784
Batch size: 512
=> Executing 10000 images in 20 batches of 512...

Matches: 9031/10000
Accuracy: 90.31 %
Reference Accuracy: 90.31 %

Difference: -2.44141e-06
90.31,90.31,-2.44141e-06,1778.61

Total CPU time: 1.78 [s] => Latency: 0.18 [ms/elem]
Total GPU time: 2.41 [s] => Latency: 0.24 [ms/elem]

 Layer  0 time:       0.00[s], Ratio:    0.00% => kernel:       0.00[s], kRatio:    0.00%
 Layer  1 time:       0.79[s], Ratio:   44.81% => kernel:       2.03[s], kRatio:   84.50%
 Layer  2 time:       0.34[s], Ratio:   19.15% => kernel:       0.00[s], kRatio:    0.00%
 Layer  3 time:       0.24[s], Ratio:   13.85% => kernel:       0.01[s], kRatio:    0.28%
 Layer  4 time:       0.13[s], Ratio:    7.26% => kernel:       0.36[s], kRatio:   15.06%
 Layer  5 time:       0.12[s], Ratio:    6.82% => kernel:       0.00[s], kRatio:    0.00%
 Layer  6 time:       0.08[s], Ratio:    4.69% => kernel:       0.00[s], kRatio:    0.10%
 Layer  7 time:       0.00[s], Ratio:    0.00% => kernel:       0.00[s], kRatio:    0.00%
 Layer  8 time:       0.04[s], Ratio:    2.04% => kernel:       0.00[s], kRatio:    0.05%
 Layer  9 time:       0.00[s], Ratio:    0.07% => kernel:       0.00[s], kRatio:    0.00%
 Layer 10 time:       0.02[s], Ratio:    1.32% => kernel:       0.00[s], kRatio:    0.01%

Total time: 4.17s
