Using CUDA profile xz

RUNNING BENCHMARK WITH 1 REPETITIONS

Dataset size: 10000
Image size: 784
Batch size: 256
=> Executing 10000 images in 40 batches of 256...

Matches: 9031/10000
Accuracy: 90.31 %
Reference Accuracy: 90.31 %

Difference: -2.44141e-06
90.31,90.31,-2.44141e-06,1984.45

Total CPU time: 1.98 [s] => Latency: 0.20 [ms/elem]
Total GPU time: 2.41 [s] => Latency: 0.24 [ms/elem]

 Layer  0 time:       0.00[s], Ratio:    0.00% => kernel:       0.00[s], kRatio:    0.00%
 Layer  1 time:       0.79[s], Ratio:   40.03% => kernel:       2.03[s], kRatio:   84.44%
 Layer  2 time:       0.34[s], Ratio:   17.34% => kernel:       0.00[s], kRatio:    0.00%
 Layer  3 time:       0.28[s], Ratio:   14.37% => kernel:       0.01[s], kRatio:    0.34%
 Layer  4 time:       0.20[s], Ratio:   10.34% => kernel:       0.36[s], kRatio:   14.95%
 Layer  5 time:       0.12[s], Ratio:    6.22% => kernel:       0.00[s], kRatio:    0.00%
 Layer  6 time:       0.12[s], Ratio:    6.26% => kernel:       0.00[s], kRatio:    0.14%
 Layer  7 time:       0.00[s], Ratio:    0.00% => kernel:       0.00[s], kRatio:    0.00%
 Layer  8 time:       0.06[s], Ratio:    2.98% => kernel:       0.00[s], kRatio:    0.09%
 Layer  9 time:       0.00[s], Ratio:    0.07% => kernel:       0.00[s], kRatio:    0.00%
 Layer 10 time:       0.05[s], Ratio:    2.39% => kernel:       0.00[s], kRatio:    0.04%

Total time: 4.39s
