Using CUDA profile xz
RUNNING BENCHMARK WITH 1 REPETITIONS

Dataset size: 10000
Image size: 784
Batch size: 8
=> Executing 10000 images in 1250 batches of 8...

Matches: 9031/10000
Accuracy: 90.31 %
Reference Accuracy: 90.31 %

Difference: -2.44141e-06
90.31,90.31,-2.44141e-06,6725.36

Total CPU time: 6.73 [s] => Latency: 0.67 [ms/elem]
Total GPU time: 0.87 [s] => Latency: 0.09 [ms/elem]

 Layer  0 time:       0.00[s], Ratio:    0.00% => kernel:       0.00[s], kRatio:    0.00%
 Layer  1 time:       1.63[s], Ratio:   24.29% => kernel:       0.57[s], kRatio:   65.28%
 Layer  2 time:       0.31[s], Ratio:    4.60% => kernel:       0.00[s], kRatio:    0.00%
 Layer  3 time:       0.99[s], Ratio:   14.78% => kernel:       0.06[s], kRatio:    6.96%
 Layer  4 time:       0.99[s], Ratio:   14.76% => kernel:       0.11[s], kRatio:   12.18%
 Layer  5 time:       0.12[s], Ratio:    1.84% => kernel:       0.00[s], kRatio:    0.00%
 Layer  6 time:       0.82[s], Ratio:   12.22% => kernel:       0.06[s], kRatio:    6.77%
 Layer  7 time:       0.00[s], Ratio:    0.00% => kernel:       0.00[s], kRatio:    0.00%
 Layer  8 time:       0.94[s], Ratio:   14.00% => kernel:       0.06[s], kRatio:    6.77%
 Layer  9 time:       0.00[s], Ratio:    0.02% => kernel:       0.00[s], kRatio:    0.00%
 Layer 10 time:       0.91[s], Ratio:   13.49% => kernel:       0.02[s], kRatio:    2.05%

Total time: 7.59s
