Using CUDA profile automatic

RUNNING BENCHMARK WITH 1 REPETITIONS

Dataset size: 10000
Image size: 784
Batch size: 128
=> Executing 10000 images in 79 batches of 128...

Matches: 9031/10000
Accuracy: 90.31 %
Reference Accuracy: 90.31 %

Difference: -2.44141e-06
90.31,90.31,-2.44141e-06,716.043

Total CPU time: 0.72 [s] => Latency: 0.07 [ms/elem]
Total GPU time: 0.05 [s] => Latency: 0.00 [ms/elem]

 Layer  0 time:       0.00[s], Ratio:    0.00% => kernel:       0.00[s], kRatio:    0.00%
 Layer  1 time:       0.15[s], Ratio:   21.35% => kernel:       0.00[s], kRatio:    0.00%
 Layer  2 time:       0.26[s], Ratio:   36.85% => kernel:       0.00[s], kRatio:    0.00%
 Layer  3 time:       0.00[s], Ratio:    0.23% => kernel:       0.00[s], kRatio:    0.00%
 Layer  4 time:       0.20[s], Ratio:   27.86% => kernel:       0.05[s], kRatio:  100.00%
 Layer  5 time:       0.09[s], Ratio:   12.89% => kernel:       0.00[s], kRatio:    0.00%
 Layer  6 time:       0.00[s], Ratio:    0.03% => kernel:       0.00[s], kRatio:    0.00%
 Layer  7 time:       0.00[s], Ratio:    0.00% => kernel:       0.00[s], kRatio:    0.00%
 Layer  8 time:       0.00[s], Ratio:    0.65% => kernel:       0.00[s], kRatio:    0.00%
 Layer  9 time:       0.00[s], Ratio:    0.14% => kernel:       0.00[s], kRatio:    0.00%
 Layer 10 time:       0.00[s], Ratio:    0.01% => kernel:       0.00[s], kRatio:    0.00%

Total time: 0.76s
