Using CUDA profile automatic

RUNNING BENCHMARK WITH 1 REPETITIONS

Dataset size: 10000
Image size: 3072
Batch size: 2
=> Executing 10000 images in 5000 batches of 2...

Matches: 1345/10000
Accuracy: 13.45 %
Reference Accuracy: 13.45 %

Difference: -1.90735e-07
13.45,13.45,-1.90735e-07,36098.6

Total CPU time: 36.10 [s] => Latency: 3.61 [ms/elem]
Total GPU time: 9.05 [s] => Latency: 0.91 [ms/elem]

 Layer  0 time:       0.00[s], Ratio:    0.00% => kernel:       0.00[s], kRatio:    0.00%
 Layer  1 time:       6.54[s], Ratio:   18.14% => kernel:       6.64[s], kRatio:   73.35%
 Layer  2 time:       2.78[s], Ratio:    7.70% => kernel:       0.00[s], kRatio:    0.00%
 Layer  3 time:       5.58[s], Ratio:   15.47% => kernel:       0.38[s], kRatio:    4.15%
 Layer  4 time:       5.74[s], Ratio:   15.91% => kernel:       1.42[s], kRatio:   15.70%
 Layer  5 time:       0.67[s], Ratio:    1.85% => kernel:       0.00[s], kRatio:    0.00%
 Layer  6 time:       4.67[s], Ratio:   12.96% => kernel:       0.34[s], kRatio:    3.79%
 Layer  7 time:       0.00[s], Ratio:    0.00% => kernel:       0.00[s], kRatio:    0.00%
 Layer  8 time:       5.10[s], Ratio:   14.14% => kernel:       0.17[s], kRatio:    1.92%
 Layer  9 time:       0.00[s], Ratio:    0.01% => kernel:       0.00[s], kRatio:    0.00%
 Layer 10 time:       4.99[s], Ratio:   13.82% => kernel:       0.10[s], kRatio:    1.09%

Total time: 45.12s
