Using CUDA profile automatic

RUNNING BENCHMARK WITH 1 REPETITIONS

Dataset size: 10000
Image size: 784
Batch size: 8
=> Executing 10000 images in 1250 batches of 8...

Matches: 7724/10000
Accuracy: 77.24 %
Reference Accuracy: 77.24 %

Difference: 5.49316e-06
77.24,77.24,5.49316e-06,2961

Total CPU time: 2.96 [s] => Latency: 0.30 [ms/elem]
Total GPU time: 0.00 [s] => Latency: 0.00 [ms/elem]

 Layer  0 time:       0.00[s], Ratio:    0.00% => kernel:       0.00[s], kRatio:    -nan%
 Layer  1 time:       0.39[s], Ratio:   13.25% => kernel:       0.00[s], kRatio:    -nan%
 Layer  2 time:       1.05[s], Ratio:   35.68% => kernel:       0.00[s], kRatio:    -nan%
 Layer  3 time:       0.01[s], Ratio:    0.43% => kernel:       0.00[s], kRatio:    -nan%
 Layer  4 time:       1.11[s], Ratio:   37.48% => kernel:       0.00[s], kRatio:    -nan%
 Layer  5 time:       0.34[s], Ratio:   11.45% => kernel:       0.00[s], kRatio:    -nan%
 Layer  6 time:       0.00[s], Ratio:    0.03% => kernel:       0.00[s], kRatio:    -nan%
 Layer  7 time:       0.00[s], Ratio:    0.00% => kernel:       0.00[s], kRatio:    -nan%
 Layer  8 time:       0.05[s], Ratio:    1.58% => kernel:       0.00[s], kRatio:    -nan%
 Layer  9 time:       0.00[s], Ratio:    0.09% => kernel:       0.00[s], kRatio:    -nan%
 Layer 10 time:       0.00[s], Ratio:    0.01% => kernel:       0.00[s], kRatio:    -nan%

Total time: 2.96s
