Using CUDA profile xyz

RUNNING BENCHMARK WITH 1 REPETITIONS

Dataset size: 10000
Image size: 784
Batch size: 64
=> Executing 10000 images in 157 batches of 64...

Matches: 9031/10000
Accuracy: 90.31 %
Reference Accuracy: 90.31 %

Difference: -2.44141e-06
90.31,90.31,-2.44141e-06,3388.01

Total CPU time: 3.39 [s] => Latency: 0.34 [ms/elem]
Total GPU time: 2.14 [s] => Latency: 0.21 [ms/elem]

 Layer  0 time:       0.00[s], Ratio:    0.00% => kernel:       0.00[s], kRatio:    0.00%
 Layer  1 time:       1.34[s], Ratio:   39.70% => kernel:       2.04[s], kRatio:   95.34%
 Layer  2 time:       0.41[s], Ratio:   12.17% => kernel:       0.00[s], kRatio:    0.00%
 Layer  3 time:       0.57[s], Ratio:   16.72% => kernel:       0.01[s], kRatio:    0.64%
 Layer  4 time:       0.41[s], Ratio:   11.97% => kernel:       0.07[s], kRatio:    3.09%
 Layer  5 time:       0.13[s], Ratio:    3.70% => kernel:       0.00[s], kRatio:    0.00%
 Layer  6 time:       0.19[s], Ratio:    5.70% => kernel:       0.01[s], kRatio:    0.41%
 Layer  7 time:       0.00[s], Ratio:    0.00% => kernel:       0.00[s], kRatio:    0.00%
 Layer  8 time:       0.18[s], Ratio:    5.40% => kernel:       0.01[s], kRatio:    0.38%
 Layer  9 time:       0.00[s], Ratio:    0.04% => kernel:       0.00[s], kRatio:    0.00%
 Layer 10 time:       0.16[s], Ratio:    4.60% => kernel:       0.00[s], kRatio:    0.14%

Total time: 5.52s
