Using CUDA profile xyz

RUNNING BENCHMARK WITH 1 REPETITIONS

Dataset size: 10000
Image size: 3072
Batch size: 1
=> Executing 10000 images in 10000 batches of 1...

Matches: 6708/10000
Accuracy: 67.08 %
Reference Accuracy: 72.49 %

Difference: -5.41001
67.08,72.49,-5.41001,104275

Total CPU time: 104.28 [s] => Latency: 10.43 [ms/elem]
Total GPU time: 43.24 [s] => Latency: 4.32 [ms/elem]

 Layer  0 time:       0.00[s], Ratio:    0.00% => kernel:       0.00[s], kRatio:    0.00%
 Layer  1 time:       9.55[s], Ratio:    9.16% => kernel:       6.96[s], kRatio:   16.09%
 Layer  2 time:       3.72[s], Ratio:    3.57% => kernel:       0.00[s], kRatio:    0.00%
 Layer  3 time:       9.69[s], Ratio:    9.29% => kernel:       8.89[s], kRatio:   20.56%
 Layer  4 time:       4.18[s], Ratio:    4.01% => kernel:       0.00[s], kRatio:    0.00%
 Layer  5 time:       7.74[s], Ratio:    7.43% => kernel:       0.51[s], kRatio:    1.17%
 Layer  6 time:       8.34[s], Ratio:    8.00% => kernel:       4.14[s], kRatio:    9.57%
 Layer  7 time:       2.35[s], Ratio:    2.25% => kernel:       0.00[s], kRatio:    0.00%
 Layer  8 time:       8.55[s], Ratio:    8.21% => kernel:       8.13[s], kRatio:   18.80%
 Layer  9 time:       2.19[s], Ratio:    2.11% => kernel:       0.00[s], kRatio:    0.00%
 Layer 10 time:       7.03[s], Ratio:    6.75% => kernel:       0.51[s], kRatio:    1.18%
 Layer 11 time:       7.97[s], Ratio:    7.65% => kernel:       4.06[s], kRatio:    9.39%
 Layer 12 time:       1.21[s], Ratio:    1.16% => kernel:       0.00[s], kRatio:    0.00%
 Layer 13 time:       8.43[s], Ratio:    8.09% => kernel:       7.41[s], kRatio:   17.14%
 Layer 14 time:       0.88[s], Ratio:    0.84% => kernel:       0.00[s], kRatio:    0.00%
 Layer 15 time:       6.65[s], Ratio:    6.39% => kernel:       0.51[s], kRatio:    1.18%
 Layer 16 time:       0.00[s], Ratio:    0.00% => kernel:       0.00[s], kRatio:    0.00%
 Layer 17 time:       8.45[s], Ratio:    8.11% => kernel:       1.97[s], kRatio:    4.56%
 Layer 18 time:       0.02[s], Ratio:    0.02% => kernel:       0.00[s], kRatio:    0.00%
 Layer 19 time:       7.25[s], Ratio:    6.96% => kernel:       0.15[s], kRatio:    0.35%

Total time: 147.45s
