Using CUDA profile xyz
RUNNING BENCHMARK WITH 1 REPETITIONS

Dataset size: 10000
Image size: 784
Batch size: 32
=> Executing 10000 images in 313 batches of 32...

Matches: 9031/10000
Accuracy: 90.31 %
Reference Accuracy: 90.31 %

Difference: -2.44141e-06
90.31,90.31,-2.44141e-06,4053.39

Total CPU time: 4.05 [s] => Latency: 0.41 [ms/elem]
Total GPU time: 1.84 [s] => Latency: 0.18 [ms/elem]

Layer 01 time:       0.00[s], Ratio:    0.00% => kernel:       0.00[s], kRatio:    0.00%
Layer 02 time:       1.24[s], Ratio:   30.59% => kernel:       1.71[s], kRatio:   93.06%
Layer 03 time:       0.31[s], Ratio:    7.71% => kernel:       0.00[s], kRatio:    0.00%
Layer 04 time:       0.87[s], Ratio:   21.36% => kernel:       0.02[s], kRatio:    1.09%
Layer 05 time:       0.47[s], Ratio:   11.58% => kernel:       0.07[s], kRatio:    3.61%
Layer 06 time:       0.12[s], Ratio:    2.97% => kernel:       0.00[s], kRatio:    0.00%
Layer 07 time:       0.36[s], Ratio:    8.81% => kernel:       0.02[s], kRatio:    1.04%
Layer 08 time:       0.00[s], Ratio:    0.00% => kernel:       0.00[s], kRatio:    0.00%
Layer 09 time:       0.36[s], Ratio:    9.01% => kernel:       0.02[s], kRatio:    0.92%
Layer 10 time:       0.00[s], Ratio:    0.03% => kernel:       0.00[s], kRatio:    0.00%
Layer 11 time:       0.32[s], Ratio:    7.94% => kernel:       0.01[s], kRatio:    0.29%

Total time: 5.89s
