Using CUDA profile xyz

RUNNING BENCHMARK WITH 1 REPETITIONS

Dataset size: 10000
Image size: 784
Batch size: 256
=> Executing 10000 images in 40 batches of 256...

Matches: 9031/10000
Accuracy: 90.31 %
Reference Accuracy: 90.31 %

Difference: -2.44141e-06
90.31,90.31,-2.44141e-06,2361.19

Total CPU time: 2.36 [s] => Latency: 0.24 [ms/elem]
Total GPU time: 3.27 [s] => Latency: 0.33 [ms/elem]

 Layer  0 time:       0.00[s], Ratio:    0.00% => kernel:       0.00[s], kRatio:    0.00%
 Layer  1 time:       1.18[s], Ratio:   50.01% => kernel:       3.19[s], kRatio:   97.44%
 Layer  2 time:       0.34[s], Ratio:   14.65% => kernel:       0.00[s], kRatio:    0.00%
 Layer  3 time:       0.29[s], Ratio:   12.27% => kernel:       0.01[s], kRatio:    0.28%
 Layer  4 time:       0.19[s], Ratio:    8.12% => kernel:       0.07[s], kRatio:    2.05%
 Layer  5 time:       0.12[s], Ratio:    5.29% => kernel:       0.00[s], kRatio:    0.00%
 Layer  6 time:       0.12[s], Ratio:    5.05% => kernel:       0.00[s], kRatio:    0.10%
 Layer  7 time:       0.00[s], Ratio:    0.00% => kernel:       0.00[s], kRatio:    0.00%
 Layer  8 time:       0.06[s], Ratio:    2.59% => kernel:       0.00[s], kRatio:    0.09%
 Layer  9 time:       0.00[s], Ratio:    0.06% => kernel:       0.00[s], kRatio:    0.00%
 Layer 10 time:       0.05[s], Ratio:    1.96% => kernel:       0.00[s], kRatio:    0.05%

Total time: 5.63s
