Using CUDA profile xyz

RUNNING BENCHMARK WITH 1 REPETITIONS

Dataset size: 10000
Image size: 3072
Batch size: 4
=> Executing 10000 images in 2500 batches of 4...

Matches: 6708/10000
Accuracy: 67.08 %
Reference Accuracy: 72.49 %

Difference: -5.41001
67.08,72.49,-5.41001,57098.5

Total CPU time: 57.10 [s] => Latency: 5.71 [ms/elem]
Total GPU time: 37.19 [s] => Latency: 3.72 [ms/elem]

 Layer  0 time:       0.00[s], Ratio:    0.00% => kernel:       0.00[s], kRatio:    0.00%
 Layer  1 time:       5.52[s], Ratio:    9.67% => kernel:       6.99[s], kRatio:   18.78%
 Layer  2 time:       4.46[s], Ratio:    7.81% => kernel:       0.00[s], kRatio:    0.00%
 Layer  3 time:       7.13[s], Ratio:   12.49% => kernel:       9.05[s], kRatio:   24.34%
 Layer  4 time:       4.72[s], Ratio:    8.27% => kernel:       0.00[s], kRatio:    0.00%
 Layer  5 time:       4.66[s], Ratio:    8.17% => kernel:       0.14[s], kRatio:    0.39%
 Layer  6 time:       3.09[s], Ratio:    5.41% => kernel:       3.58[s], kRatio:    9.63%
 Layer  7 time:       2.62[s], Ratio:    4.58% => kernel:       0.00[s], kRatio:    0.00%
 Layer  8 time:       4.98[s], Ratio:    8.73% => kernel:       7.11[s], kRatio:   19.12%
 Layer  9 time:       2.52[s], Ratio:    4.42% => kernel:       0.00[s], kRatio:    0.00%
 Layer 10 time:       2.63[s], Ratio:    4.61% => kernel:       0.15[s], kRatio:    0.40%
 Layer 11 time:       2.67[s], Ratio:    4.67% => kernel:       3.26[s], kRatio:    8.76%
 Layer 12 time:       1.33[s], Ratio:    2.33% => kernel:       0.00[s], kRatio:    0.00%
 Layer 13 time:       2.93[s], Ratio:    5.13% => kernel:       6.28[s], kRatio:   16.88%
 Layer 14 time:       0.96[s], Ratio:    1.68% => kernel:       0.00[s], kRatio:    0.00%
 Layer 15 time:       2.25[s], Ratio:    3.94% => kernel:       0.14[s], kRatio:    0.37%
 Layer 16 time:       0.00[s], Ratio:    0.00% => kernel:       0.00[s], kRatio:    0.00%
 Layer 17 time:       2.51[s], Ratio:    4.40% => kernel:       0.47[s], kRatio:    1.26%
 Layer 18 time:       0.02[s], Ratio:    0.04% => kernel:       0.00[s], kRatio:    0.00%
 Layer 19 time:       2.09[s], Ratio:    3.66% => kernel:       0.03[s], kRatio:    0.08%

Total time: 94.25s
