Using CUDA profile xyz

RUNNING BENCHMARK WITH 1 REPETITIONS

Dataset size: 10000
Image size: 784
Batch size: 128
=> Executing 10000 images in 79 batches of 128...

Matches: 9031/10000
Accuracy: 90.31 %
Reference Accuracy: 90.31 %

Difference: -2.44141e-06
90.31,90.31,-2.44141e-06,2454.11

Total CPU time: 2.45 [s] => Latency: 0.25 [ms/elem]
Total GPU time: 2.68 [s] => Latency: 0.27 [ms/elem]

 Layer  0 time:       0.00[s], Ratio:    0.00% => kernel:       0.00[s], kRatio:    0.00%
 Layer  1 time:       0.88[s], Ratio:   35.95% => kernel:       2.59[s], kRatio:   96.60%
 Layer  2 time:       0.35[s], Ratio:   14.21% => kernel:       0.00[s], kRatio:    0.00%
 Layer  3 time:       0.40[s], Ratio:   16.35% => kernel:       0.01[s], kRatio:    0.41%
 Layer  4 time:       0.27[s], Ratio:   11.10% => kernel:       0.07[s], kRatio:    2.47%
 Layer  5 time:       0.12[s], Ratio:    5.03% => kernel:       0.00[s], kRatio:    0.00%
 Layer  6 time:       0.21[s], Ratio:    8.43% => kernel:       0.01[s], kRatio:    0.20%
 Layer  7 time:       0.00[s], Ratio:    0.00% => kernel:       0.00[s], kRatio:    0.00%
 Layer  8 time:       0.12[s], Ratio:    4.89% => kernel:       0.01[s], kRatio:    0.26%
 Layer  9 time:       0.00[s], Ratio:    0.06% => kernel:       0.00[s], kRatio:    0.00%
 Layer 10 time:       0.10[s], Ratio:    3.99% => kernel:       0.00[s], kRatio:    0.06%

Total time: 5.13s
