Using CUDA profile xyz

RUNNING BENCHMARK WITH 1 REPETITIONS

Dataset size: 10000
Image size: 784
Batch size: 16
=> Executing 10000 images in 625 batches of 16...

Matches: 9031/10000
Accuracy: 90.31 %
Reference Accuracy: 90.31 %

Difference: -2.44141e-06
90.31,90.31,-2.44141e-06,1557.71

Total CPU time: 1.56 [s] => Latency: 0.16 [ms/elem]
Total GPU time: 0.34 [s] => Latency: 0.03 [ms/elem]

 Layer  0 time:       0.00[s], Ratio:    0.00% => kernel:       0.00[s], kRatio:    0.00%
 Layer  1 time:       0.36[s], Ratio:   23.46% => kernel:       0.26[s], kRatio:   78.31%
 Layer  2 time:       0.29[s], Ratio:   18.61% => kernel:       0.00[s], kRatio:    0.00%
 Layer  3 time:       0.29[s], Ratio:   18.76% => kernel:       0.01[s], kRatio:    1.80%
 Layer  4 time:       0.18[s], Ratio:   11.53% => kernel:       0.05[s], kRatio:   15.63%
 Layer  5 time:       0.10[s], Ratio:    6.74% => kernel:       0.00[s], kRatio:    0.00%
 Layer  6 time:       0.12[s], Ratio:    7.80% => kernel:       0.00[s], kRatio:    1.24%
 Layer  7 time:       0.00[s], Ratio:    0.00% => kernel:       0.00[s], kRatio:    0.00%
 Layer  8 time:       0.11[s], Ratio:    7.18% => kernel:       0.01[s], kRatio:    2.13%
 Layer  9 time:       0.00[s], Ratio:    0.07% => kernel:       0.00[s], kRatio:    0.00%
 Layer 10 time:       0.09[s], Ratio:    5.88% => kernel:       0.00[s], kRatio:    0.89%

Total time: 1.89s
