Using CUDA profile z

RUNNING BENCHMARK WITH 1 REPETITIONS

Dataset size: 10000
Image size: 784
Batch size: 16
=> Executing 10000 images in 625 batches of 16...

Matches: 9031/10000
Accuracy: 90.31 %
Reference Accuracy: 90.31 %

Difference: -2.44141e-06
90.31,90.31,-2.44141e-06,1616.78

Total CPU time: 1.62 [s] => Latency: 0.16 [ms/elem]
Total GPU time: 0.50 [s] => Latency: 0.05 [ms/elem]

 Layer  0 time:       0.00[s], Ratio:    0.00% => kernel:       0.00[s], kRatio:    0.00%
 Layer  1 time:       0.42[s], Ratio:   25.75% => kernel:       0.29[s], kRatio:   58.54%
 Layer  2 time:       0.29[s], Ratio:   17.78% => kernel:       0.00[s], kRatio:    0.00%
 Layer  3 time:       0.30[s], Ratio:   18.63% => kernel:       0.07[s], kRatio:   14.92%
 Layer  4 time:       0.18[s], Ratio:   11.08% => kernel:       0.06[s], kRatio:   12.90%
 Layer  5 time:       0.10[s], Ratio:    6.43% => kernel:       0.00[s], kRatio:    0.00%
 Layer  6 time:       0.12[s], Ratio:    7.74% => kernel:       0.02[s], kRatio:    3.44%
 Layer  7 time:       0.00[s], Ratio:    0.00% => kernel:       0.00[s], kRatio:    0.00%
 Layer  8 time:       0.11[s], Ratio:    6.86% => kernel:       0.05[s], kRatio:    9.07%
 Layer  9 time:       0.00[s], Ratio:    0.07% => kernel:       0.00[s], kRatio:    0.00%
 Layer 10 time:       0.09[s], Ratio:    5.67% => kernel:       0.01[s], kRatio:    1.13%

Total time: 2.11s
