Using CUDA profile z

RUNNING BENCHMARK WITH 1 REPETITIONS

Dataset size: 10000
Image size: 784
Batch size: 4
=> Executing 10000 images in 2500 batches of 4...

Matches: 7724/10000
Accuracy: 77.24 %
Reference Accuracy: 77.24 %

Difference: 5.49316e-06
77.24,77.24,5.49316e-06,22518.6

Total CPU time: 22.52 [s] => Latency: 2.25 [ms/elem]
Total GPU time: 30.38 [s] => Latency: 3.04 [ms/elem]

 Layer  0 time:       0.00[s], Ratio:    0.00% => kernel:       0.00[s], kRatio:    0.00%
 Layer  1 time:       4.00[s], Ratio:   17.77% => kernel:      20.97[s], kRatio:   69.02%
 Layer  2 time:       3.18[s], Ratio:   14.14% => kernel:       0.00[s], kRatio:    0.00%
 Layer  3 time:       3.92[s], Ratio:   17.42% => kernel:       0.17[s], kRatio:    0.55%
 Layer  4 time:       3.30[s], Ratio:   14.66% => kernel:       8.17[s], kRatio:   26.91%
 Layer  5 time:       0.90[s], Ratio:    4.00% => kernel:       0.00[s], kRatio:    0.00%
 Layer  6 time:       2.71[s], Ratio:   12.06% => kernel:       0.18[s], kRatio:    0.60%
 Layer  7 time:       0.00[s], Ratio:    0.00% => kernel:       0.00[s], kRatio:    0.00%
 Layer  8 time:       2.54[s], Ratio:   11.27% => kernel:       0.76[s], kRatio:    2.50%
 Layer  9 time:       0.00[s], Ratio:    0.02% => kernel:       0.00[s], kRatio:    0.00%
 Layer 10 time:       1.95[s], Ratio:    8.65% => kernel:       0.13[s], kRatio:    0.43%

Total time: 52.88s
