Using CUDA profile z

RUNNING BENCHMARK WITH 1 REPETITIONS

Dataset size: 10000
Image size: 784
Batch size: 512
=> Executing 10000 images in 20 batches of 512...

Matches: 9031/10000
Accuracy: 90.31 %
Reference Accuracy: 90.31 %

Difference: -2.44141e-06
90.31,90.31,-2.44141e-06,1914.84

Total CPU time: 1.91 [s] => Latency: 0.19 [ms/elem]
Total GPU time: 3.86 [s] => Latency: 0.39 [ms/elem]

 Layer  0 time:       0.00[s], Ratio:    0.00% => kernel:       0.00[s], kRatio:    0.00%
 Layer  1 time:       0.95[s], Ratio:   49.68% => kernel:       3.69[s], kRatio:   95.60%
 Layer  2 time:       0.34[s], Ratio:   17.96% => kernel:       0.00[s], kRatio:    0.00%
 Layer  3 time:       0.25[s], Ratio:   13.02% => kernel:       0.04[s], kRatio:    0.95%
 Layer  4 time:       0.12[s], Ratio:    6.42% => kernel:       0.09[s], kRatio:    2.40%
 Layer  5 time:       0.12[s], Ratio:    6.43% => kernel:       0.00[s], kRatio:    0.00%
 Layer  6 time:       0.07[s], Ratio:    3.65% => kernel:       0.02[s], kRatio:    0.56%
 Layer  7 time:       0.00[s], Ratio:    0.00% => kernel:       0.00[s], kRatio:    0.00%
 Layer  8 time:       0.03[s], Ratio:    1.61% => kernel:       0.02[s], kRatio:    0.47%
 Layer  9 time:       0.00[s], Ratio:    0.07% => kernel:       0.00[s], kRatio:    0.00%
 Layer 10 time:       0.02[s], Ratio:    1.16% => kernel:       0.00[s], kRatio:    0.02%

Total time: 5.77s
