Using CUDA profile z

RUNNING BENCHMARK WITH 1 REPETITIONS

Dataset size: 10000
Image size: 784
Batch size: 1
=> Executing 10000 images in 10000 batches of 1...

Matches: 9031/10000
Accuracy: 90.31 %
Reference Accuracy: 90.31 %

Difference: -2.44141e-06
90.31,90.31,-2.44141e-06,49989.1

Total CPU time: 49.99 [s] => Latency: 5.00 [ms/elem]
Total GPU time: 4.52 [s] => Latency: 0.45 [ms/elem]

 Layer  0 time:       0.00[s], Ratio:    0.00% => kernel:       0.00[s], kRatio:    0.00%
 Layer  1 time:       9.10[s], Ratio:   18.22% => kernel:       2.16[s], kRatio:   47.74%
 Layer  2 time:       0.45[s], Ratio:    0.89% => kernel:       0.00[s], kRatio:    0.00%
 Layer  3 time:       7.87[s], Ratio:   15.74% => kernel:       0.74[s], kRatio:   16.37%
 Layer  4 time:       8.41[s], Ratio:   16.83% => kernel:       0.48[s], kRatio:   10.70%
 Layer  5 time:       0.14[s], Ratio:    0.28% => kernel:       0.00[s], kRatio:    0.00%
 Layer  6 time:       7.30[s], Ratio:   14.62% => kernel:       0.21[s], kRatio:    4.73%
 Layer  7 time:       0.00[s], Ratio:    0.00% => kernel:       0.00[s], kRatio:    0.00%
 Layer  8 time:       8.67[s], Ratio:   17.36% => kernel:       0.69[s], kRatio:   15.33%
 Layer  9 time:       0.00[s], Ratio:    0.01% => kernel:       0.00[s], kRatio:    0.00%
 Layer 10 time:       8.02[s], Ratio:   16.05% => kernel:       0.23[s], kRatio:    5.12%

Total time: 54.48s
