Using CUDA profile z

RUNNING BENCHMARK WITH 1 REPETITIONS

Dataset size: 10000
Image size: 3072
Batch size: 128
=> Executing 10000 images in 79 batches of 128...

Matches: 6708/10000
Accuracy: 67.08 %
Reference Accuracy: 72.49 %

Difference: -5.41001
67.08,72.49,-5.41001,22001.3

Total CPU time: 22.00 [s] => Latency: 2.20 [ms/elem]
Total GPU time: 103.99 [s] => Latency: 10.40 [ms/elem]

 Layer  0 time:       0.00[s], Ratio:    0.00% => kernel:       0.00[s], kRatio:    0.00%
 Layer  1 time:       1.06[s], Ratio:    4.80% => kernel:      32.22[s], kRatio:   30.99%
 Layer  2 time:       3.79[s], Ratio:   17.27% => kernel:       0.00[s], kRatio:    0.00%
 Layer  3 time:       1.89[s], Ratio:    8.60% => kernel:      38.51[s], kRatio:   37.03%
 Layer  4 time:       4.00[s], Ratio:   18.20% => kernel:       0.00[s], kRatio:    0.00%
 Layer  5 time:       1.21[s], Ratio:    5.50% => kernel:       0.02[s], kRatio:    0.02%
 Layer  6 time:       0.72[s], Ratio:    3.29% => kernel:       6.36[s], kRatio:    6.12%
 Layer  7 time:       2.20[s], Ratio:   10.00% => kernel:       0.00[s], kRatio:    0.00%
 Layer  8 time:       0.97[s], Ratio:    4.40% => kernel:      11.98[s], kRatio:   11.52%
 Layer  9 time:       2.13[s], Ratio:    9.67% => kernel:       0.00[s], kRatio:    0.00%
 Layer 10 time:       0.62[s], Ratio:    2.82% => kernel:       0.01[s], kRatio:    0.01%
 Layer 11 time:       0.38[s], Ratio:    1.73% => kernel:       5.96[s], kRatio:    5.73%
 Layer 12 time:       1.22[s], Ratio:    5.56% => kernel:       0.00[s], kRatio:    0.00%
 Layer 13 time:       0.50[s], Ratio:    2.29% => kernel:       6.92[s], kRatio:    6.66%
 Layer 14 time:       0.84[s], Ratio:    3.80% => kernel:       0.00[s], kRatio:    0.00%
 Layer 15 time:       0.32[s], Ratio:    1.47% => kernel:       0.01[s], kRatio:    0.01%
 Layer 16 time:       0.00[s], Ratio:    0.00% => kernel:       0.00[s], kRatio:    0.00%
 Layer 17 time:       0.10[s], Ratio:    0.45% => kernel:       1.95[s], kRatio:    1.88%
 Layer 18 time:       0.02[s], Ratio:    0.08% => kernel:       0.00[s], kRatio:    0.00%
 Layer 19 time:       0.02[s], Ratio:    0.08% => kernel:       0.02[s], kRatio:    0.02%

Total time: 125.96s
