Using CUDA profile z

RUNNING BENCHMARK WITH 1 REPETITIONS

Dataset size: 10000
Image size: 784
Batch size: 32
=> Executing 10000 images in 313 batches of 32...

Matches: 9031/10000
Accuracy: 90.31 %
Reference Accuracy: 90.31 %

Difference: -2.44141e-06
90.31,90.31,-2.44141e-06,4012.09

Total CPU time: 4.01 [s] => Latency: 0.40 [ms/elem]
Total GPU time: 1.01 [s] => Latency: 0.10 [ms/elem]

 Layer  0 time:       0.00[s], Ratio:    0.00% => kernel:       0.00[s], kRatio:    0.00%
 Layer  1 time:       1.26[s], Ratio:   31.55% => kernel:       0.73[s], kRatio:   71.64%
 Layer  2 time:       0.41[s], Ratio:   10.11% => kernel:       0.00[s], kRatio:    0.00%
 Layer  3 time:       0.74[s], Ratio:   18.54% => kernel:       0.07[s], kRatio:    6.46%
 Layer  4 time:       0.43[s], Ratio:   10.79% => kernel:       0.15[s], kRatio:   14.72%
 Layer  5 time:       0.13[s], Ratio:    3.33% => kernel:       0.00[s], kRatio:    0.00%
 Layer  6 time:       0.33[s], Ratio:    8.30% => kernel:       0.03[s], kRatio:    3.21%
 Layer  7 time:       0.00[s], Ratio:    0.00% => kernel:       0.00[s], kRatio:    0.00%
 Layer  8 time:       0.36[s], Ratio:    9.00% => kernel:       0.04[s], kRatio:    3.63%
 Layer  9 time:       0.00[s], Ratio:    0.04% => kernel:       0.00[s], kRatio:    0.00%
 Layer 10 time:       0.33[s], Ratio:    8.34% => kernel:       0.00[s], kRatio:    0.33%

Total time: 5.02s
