Using CUDA profile z
RUNNING BENCHMARK WITH 1 REPETITIONS

Dataset size: 10000
Image size: 784
Batch size: 256
=> Executing 10000 images in 40 batches of 256...

Matches: 9031/10000
Accuracy: 90.31 %
Reference Accuracy: 90.31 %

Difference: -2.44141e-06
90.31,90.31,-2.44141e-06,2360.79

Total CPU time: 2.36 [s] => Latency: 0.24 [ms/elem]
Total GPU time: 3.26 [s] => Latency: 0.33 [ms/elem]

Layer 01 time:       0.00[s], Ratio:    0.00% => kernel:       0.00[s], kRatio:    0.00%
Layer 02 time:       1.11[s], Ratio:   47.12% => kernel:       3.09[s], kRatio:   94.84%
Layer 03 time:       0.38[s], Ratio:   16.13% => kernel:       0.00[s], kRatio:    0.00%
Layer 04 time:       0.29[s], Ratio:   12.37% => kernel:       0.04[s], kRatio:    1.09%
Layer 05 time:       0.20[s], Ratio:    8.44% => kernel:       0.09[s], kRatio:    2.78%
Layer 06 time:       0.13[s], Ratio:    5.53% => kernel:       0.00[s], kRatio:    0.00%
Layer 07 time:       0.13[s], Ratio:    5.39% => kernel:       0.02[s], kRatio:    0.65%
Layer 08 time:       0.00[s], Ratio:    0.00% => kernel:       0.00[s], kRatio:    0.00%
Layer 09 time:       0.06[s], Ratio:    2.74% => kernel:       0.02[s], kRatio:    0.55%
Layer 10 time:       0.00[s], Ratio:    0.09% => kernel:       0.00[s], kRatio:    0.00%
Layer 11 time:       0.05[s], Ratio:    2.19% => kernel:       0.00[s], kRatio:    0.09%

Total time: 5.61s
