Using CUDA profile z

RUNNING BENCHMARK WITH 1 REPETITIONS

Dataset size: 10000
Image size: 3072
Batch size: 8
=> Executing 10000 images in 1250 batches of 8...

Matches: 6708/10000
Accuracy: 67.08 %
Reference Accuracy: 72.49 %

Difference: -5.41001
67.08,72.49,-5.41001,47678.8

Total CPU time: 47.68 [s] => Latency: 4.77 [ms/elem]
Total GPU time: 38.90 [s] => Latency: 3.89 [ms/elem]

 Layer  0 time:       0.00[s], Ratio:    0.00% => kernel:       0.00[s], kRatio:    0.00%
 Layer  1 time:       3.65[s], Ratio:    7.65% => kernel:       6.99[s], kRatio:   17.96%
 Layer  2 time:       4.06[s], Ratio:    8.52% => kernel:       0.00[s], kRatio:    0.00%
 Layer  3 time:       5.47[s], Ratio:   11.48% => kernel:       8.87[s], kRatio:   22.80%
 Layer  4 time:       4.49[s], Ratio:    9.42% => kernel:       0.00[s], kRatio:    0.00%
 Layer  5 time:       3.57[s], Ratio:    7.50% => kernel:       0.12[s], kRatio:    0.30%
 Layer  6 time:       3.02[s], Ratio:    6.34% => kernel:       3.88[s], kRatio:    9.98%
 Layer  7 time:       2.62[s], Ratio:    5.51% => kernel:       0.00[s], kRatio:    0.00%
 Layer  8 time:       4.28[s], Ratio:    8.98% => kernel:       7.57[s], kRatio:   19.45%
 Layer  9 time:       2.47[s], Ratio:    5.19% => kernel:       0.00[s], kRatio:    0.00%
 Layer 10 time:       2.76[s], Ratio:    5.79% => kernel:       0.09[s], kRatio:    0.22%
 Layer 11 time:       1.76[s], Ratio:    3.70% => kernel:       3.35[s], kRatio:    8.61%
 Layer 12 time:       1.32[s], Ratio:    2.78% => kernel:       0.00[s], kRatio:    0.00%
 Layer 13 time:       2.91[s], Ratio:    6.11% => kernel:       6.48[s], kRatio:   16.65%
 Layer 14 time:       0.97[s], Ratio:    2.03% => kernel:       0.00[s], kRatio:    0.00%
 Layer 15 time:       1.52[s], Ratio:    3.19% => kernel:       0.08[s], kRatio:    0.22%
 Layer 16 time:       0.00[s], Ratio:    0.00% => kernel:       0.00[s], kRatio:    0.00%
 Layer 17 time:       1.51[s], Ratio:    3.17% => kernel:       1.45[s], kRatio:    3.74%
 Layer 18 time:       0.02[s], Ratio:    0.04% => kernel:       0.00[s], kRatio:    0.00%
 Layer 19 time:       1.23[s], Ratio:    2.58% => kernel:       0.03[s], kRatio:    0.07%

Total time: 86.55s
