Using CUDA profile cpu

RUNNING BENCHMARK WITH 1 REPETITIONS

Dataset size: 10000
Image size: 784
Batch size: 256
=> Executing 10000 images in 40 batches of 256...

Matches: 9031/10000
Accuracy: 90.31 %
Reference Accuracy: 90.31 %

Difference: -2.44141e-06
90.31,90.31,-2.44141e-06,988

Total CPU time: 0.99 [s] => Latency: 0.10 [ms/elem]
Total GPU time: 0.00 [s] => Latency: 0.00 [ms/elem]

 Layer  0 time:       0.00[s], Ratio:    0.00% => kernel:       0.00[s], kRatio:    -nan%
 Layer  1 time:       0.23[s], Ratio:   23.26% => kernel:       0.00[s], kRatio:    -nan%
 Layer  2 time:       0.35[s], Ratio:   35.30% => kernel:       0.00[s], kRatio:    -nan%
 Layer  3 time:       0.00[s], Ratio:    0.31% => kernel:       0.00[s], kRatio:    -nan%
 Layer  4 time:       0.28[s], Ratio:   28.06% => kernel:       0.00[s], kRatio:    -nan%
 Layer  5 time:       0.12[s], Ratio:   12.34% => kernel:       0.00[s], kRatio:    -nan%
 Layer  6 time:       0.00[s], Ratio:    0.03% => kernel:       0.00[s], kRatio:    -nan%
 Layer  7 time:       0.00[s], Ratio:    0.00% => kernel:       0.00[s], kRatio:    -nan%
 Layer  8 time:       0.01[s], Ratio:    0.56% => kernel:       0.00[s], kRatio:    -nan%
 Layer  9 time:       0.00[s], Ratio:    0.13% => kernel:       0.00[s], kRatio:    -nan%
 Layer 10 time:       0.00[s], Ratio:    0.01% => kernel:       0.00[s], kRatio:    -nan%

Total time: 0.98s
