Using CUDA profile cpu
RUNNING BENCHMARK WITH 1 REPETITIONS

Dataset size: 10000
Image size: 784
Batch size: 8
=> Executing 10000 images in 1250 batches of 8...

Matches: 9031/10000
Accuracy: 90.31 %
Reference Accuracy: 90.31 %

Difference: -2.44141e-06
90.31,90.31,-2.44141e-06,922

Total CPU time: 0.92 [s] => Latency: 0.09 [ms/elem]
Total GPU time: 0.00 [s] => Latency: 0.00 [ms/elem]

Layer 01 time:       0.00[s], Ratio:    0.00% => kernel:       0.00[s], kRatio:    -nan%
Layer 02 time:       0.21[s], Ratio:   22.42% => kernel:       0.00[s], kRatio:    -nan%
Layer 03 time:       0.31[s], Ratio:   34.14% => kernel:       0.00[s], kRatio:    -nan%
Layer 04 time:       0.00[s], Ratio:    0.16% => kernel:       0.00[s], kRatio:    -nan%
Layer 05 time:       0.27[s], Ratio:   29.39% => kernel:       0.00[s], kRatio:    -nan%
Layer 06 time:       0.12[s], Ratio:   13.03% => kernel:       0.00[s], kRatio:    -nan%
Layer 07 time:       0.00[s], Ratio:    0.04% => kernel:       0.00[s], kRatio:    -nan%
Layer 08 time:       0.00[s], Ratio:    0.00% => kernel:       0.00[s], kRatio:    -nan%
Layer 09 time:       0.01[s], Ratio:    0.62% => kernel:       0.00[s], kRatio:    -nan%
Layer 10 time:       0.00[s], Ratio:    0.17% => kernel:       0.00[s], kRatio:    -nan%
Layer 11 time:       0.00[s], Ratio:    0.03% => kernel:       0.00[s], kRatio:    -nan%

Total time: 0.92s
