Using CUDA profile cpu

RUNNING BENCHMARK WITH 1 REPETITIONS

Dataset size: 10000
Image size: 3072
Batch size: 32
=> Executing 10000 images in 313 batches of 32...

Matches: 6708/10000
Accuracy: 67.08 %
Reference Accuracy: 72.49 %

Difference: -5.41001
67.08,72.49,-5.41001,92341

Total CPU time: 92.34 [s] => Latency: 9.23 [ms/elem]
Total GPU time: 0.00 [s] => Latency: 0.00 [ms/elem]

 Layer  0 time:       0.00[s], Ratio:    0.00% => kernel:       0.00[s], kRatio:    -nan%
 Layer  1 time:       2.51[s], Ratio:    2.72% => kernel:       0.00[s], kRatio:    -nan%
 Layer  2 time:       3.53[s], Ratio:    3.83% => kernel:       0.00[s], kRatio:    -nan%
 Layer  3 time:      20.29[s], Ratio:   21.98% => kernel:       0.00[s], kRatio:    -nan%
 Layer  4 time:       3.68[s], Ratio:    3.99% => kernel:       0.00[s], kRatio:    -nan%
 Layer  5 time:       0.01[s], Ratio:    0.02% => kernel:       0.00[s], kRatio:    -nan%
 Layer  6 time:       9.50[s], Ratio:   10.29% => kernel:       0.00[s], kRatio:    -nan%
 Layer  7 time:       2.16[s], Ratio:    2.34% => kernel:       0.00[s], kRatio:    -nan%
 Layer  8 time:      18.80[s], Ratio:   20.37% => kernel:       0.00[s], kRatio:    -nan%
 Layer  9 time:       2.29[s], Ratio:    2.48% => kernel:       0.00[s], kRatio:    -nan%
 Layer 10 time:       0.00[s], Ratio:    0.00% => kernel:       0.00[s], kRatio:    -nan%
 Layer 11 time:       8.59[s], Ratio:    9.30% => kernel:       0.00[s], kRatio:    -nan%
 Layer 12 time:       1.28[s], Ratio:    1.39% => kernel:       0.00[s], kRatio:    -nan%
 Layer 13 time:      17.91[s], Ratio:   19.40% => kernel:       0.00[s], kRatio:    -nan%
 Layer 14 time:       0.89[s], Ratio:    0.96% => kernel:       0.00[s], kRatio:    -nan%
 Layer 15 time:       0.00[s], Ratio:    0.00% => kernel:       0.00[s], kRatio:    -nan%
 Layer 16 time:       0.00[s], Ratio:    0.00% => kernel:       0.00[s], kRatio:    -nan%
 Layer 17 time:       0.85[s], Ratio:    0.92% => kernel:       0.00[s], kRatio:    -nan%
 Layer 18 time:       0.02[s], Ratio:    0.02% => kernel:       0.00[s], kRatio:    -nan%
 Layer 19 time:       0.00[s], Ratio:    0.00% => kernel:       0.00[s], kRatio:    -nan%

Total time: 92.32s
