Using CUDA profile cpu
RUNNING BENCHMARK WITH 1 REPETITIONS

Dataset size: 10000
Image size: 784
Batch size: 4
=> Executing 10000 images in 2500 batches of 4...

Matches: 9031/10000
Accuracy: 90.31 %
Reference Accuracy: 90.31 %

Difference: -2.44141e-06
90.31,90.31,-2.44141e-06,1102

Total CPU time: 1.10 [s] => Latency: 0.11 [ms/elem]
Total GPU time: 0.00 [s] => Latency: 0.00 [ms/elem]

 Layer  0 time:       0.00[s], Ratio:    0.00% => kernel:       0.00[s], kRatio:    -nan%
 Layer  1 time:       0.25[s], Ratio:   23.00% => kernel:       0.00[s], kRatio:    -nan%
 Layer  2 time:       0.37[s], Ratio:   33.33% => kernel:       0.00[s], kRatio:    -nan%
 Layer  3 time:       0.00[s], Ratio:    0.19% => kernel:       0.00[s], kRatio:    -nan%
 Layer  4 time:       0.32[s], Ratio:   29.12% => kernel:       0.00[s], kRatio:    -nan%
 Layer  5 time:       0.15[s], Ratio:   13.41% => kernel:       0.00[s], kRatio:    -nan%
 Layer  6 time:       0.00[s], Ratio:    0.06% => kernel:       0.00[s], kRatio:    -nan%
 Layer  7 time:       0.00[s], Ratio:    0.00% => kernel:       0.00[s], kRatio:    -nan%
 Layer  8 time:       0.01[s], Ratio:    0.67% => kernel:       0.00[s], kRatio:    -nan%
 Layer  9 time:       0.00[s], Ratio:    0.19% => kernel:       0.00[s], kRatio:    -nan%
 Layer 10 time:       0.00[s], Ratio:    0.04% => kernel:       0.00[s], kRatio:    -nan%

Total time: 1.10s
