Using CUDA profile cpu

RUNNING BENCHMARK WITH 1 REPETITIONS

Dataset size: 10000
Image size: 784
Batch size: 128
=> Executing 10000 images in 79 batches of 128...

Matches: 7724/10000
Accuracy: 77.24 %
Reference Accuracy: 77.24 %

Difference: 5.49316e-06
77.24,77.24,5.49316e-06,11866

Total CPU time: 11.87 [s] => Latency: 1.19 [ms/elem]
Total GPU time: 0.00 [s] => Latency: 0.00 [ms/elem]

 Layer  0 time:       0.00[s], Ratio:    0.00% => kernel:       0.00[s], kRatio:     nan%
 Layer  1 time:       2.52[s], Ratio:   21.23% => kernel:       0.00[s], kRatio:     nan%
 Layer  2 time:       2.07[s], Ratio:   17.42% => kernel:       0.00[s], kRatio:     nan%
 Layer  3 time:       0.03[s], Ratio:    0.29% => kernel:       0.00[s], kRatio:     nan%
 Layer  4 time:       6.48[s], Ratio:   54.66% => kernel:       0.00[s], kRatio:     nan%
 Layer  5 time:       0.52[s], Ratio:    4.38% => kernel:       0.00[s], kRatio:     nan%
 Layer  6 time:       0.01[s], Ratio:    0.06% => kernel:       0.00[s], kRatio:     nan%
 Layer  7 time:       0.00[s], Ratio:    0.00% => kernel:       0.00[s], kRatio:     nan%
 Layer  8 time:       0.23[s], Ratio:    1.93% => kernel:       0.00[s], kRatio:     nan%
 Layer  9 time:       0.00[s], Ratio:    0.02% => kernel:       0.00[s], kRatio:     nan%
 Layer 10 time:       0.00[s], Ratio:    0.00% => kernel:       0.00[s], kRatio:     nan%

Total time: 11.86s
