Using CUDA profile cpu

RUNNING BENCHMARK WITH 1 REPETITIONS

Dataset size: 10000
Image size: 3072
Batch size: 1
=> Executing 10000 images in 10000 batches of 1...

Matches: 6708/10000
Accuracy: 67.08 %
Reference Accuracy: 72.49 %

Difference: -5.41001
67.08,72.49,-5.41001,118789

Total CPU time: 118.79 [s] => Latency: 11.88 [ms/elem]
Total GPU time: 0.00 [s] => Latency: 0.00 [ms/elem]

 Layer  0 time:       0.00[s], Ratio:    0.00% => kernel:       0.00[s], kRatio:    -nan%
 Layer  1 time:       3.31[s], Ratio:    2.79% => kernel:       0.00[s], kRatio:    -nan%
 Layer  2 time:       4.28[s], Ratio:    3.61% => kernel:       0.00[s], kRatio:    -nan%
 Layer  3 time:      25.30[s], Ratio:   21.32% => kernel:       0.00[s], kRatio:    -nan%
 Layer  4 time:       4.57[s], Ratio:    3.85% => kernel:       0.00[s], kRatio:    -nan%
 Layer  5 time:       0.01[s], Ratio:    0.01% => kernel:       0.00[s], kRatio:    -nan%
 Layer  6 time:      12.14[s], Ratio:   10.23% => kernel:       0.00[s], kRatio:    -nan%
 Layer  7 time:       2.60[s], Ratio:    2.19% => kernel:       0.00[s], kRatio:    -nan%
 Layer  8 time:      23.89[s], Ratio:   20.13% => kernel:       0.00[s], kRatio:    -nan%
 Layer  9 time:       2.46[s], Ratio:    2.07% => kernel:       0.00[s], kRatio:    -nan%
 Layer 10 time:       0.01[s], Ratio:    0.00% => kernel:       0.00[s], kRatio:    -nan%
 Layer 11 time:      11.18[s], Ratio:    9.42% => kernel:       0.00[s], kRatio:    -nan%
 Layer 12 time:       1.28[s], Ratio:    1.08% => kernel:       0.00[s], kRatio:    -nan%
 Layer 13 time:      25.23[s], Ratio:   21.26% => kernel:       0.00[s], kRatio:    -nan%
 Layer 14 time:       0.95[s], Ratio:    0.80% => kernel:       0.00[s], kRatio:    -nan%
 Layer 15 time:       0.00[s], Ratio:    0.00% => kernel:       0.00[s], kRatio:    -nan%
 Layer 16 time:       0.00[s], Ratio:    0.00% => kernel:       0.00[s], kRatio:    -nan%
 Layer 17 time:       1.42[s], Ratio:    1.20% => kernel:       0.00[s], kRatio:    -nan%
 Layer 18 time:       0.02[s], Ratio:    0.02% => kernel:       0.00[s], kRatio:    -nan%
 Layer 19 time:       0.01[s], Ratio:    0.00% => kernel:       0.00[s], kRatio:    -nan%

Total time: 118.67s
