Using CUDA profile cpu

RUNNING BENCHMARK WITH 1 REPETITIONS

Dataset size: 10000
Image size: 784
Batch size: 64
=> Executing 10000 images in 157 batches of 64...

Matches: 9031/10000
Accuracy: 90.31 %
Reference Accuracy: 90.31 %

Difference: -2.44141e-06
90.31,90.31,-2.44141e-06,864

Total CPU time: 0.86 [s] => Latency: 0.09 [ms/elem]
Total GPU time: 0.00 [s] => Latency: 0.00 [ms/elem]

 Layer  0 time:       0.00[s], Ratio:    0.00% => kernel:       0.00[s], kRatio:    -nan%
 Layer  1 time:       0.15[s], Ratio:   16.92% => kernel:       0.00[s], kRatio:    -nan%
 Layer  2 time:       0.28[s], Ratio:   32.98% => kernel:       0.00[s], kRatio:    -nan%
 Layer  3 time:       0.00[s], Ratio:    0.21% => kernel:       0.00[s], kRatio:    -nan%
 Layer  4 time:       0.34[s], Ratio:   38.99% => kernel:       0.00[s], kRatio:    -nan%
 Layer  5 time:       0.09[s], Ratio:   10.21% => kernel:       0.00[s], kRatio:    -nan%
 Layer  6 time:       0.00[s], Ratio:    0.02% => kernel:       0.00[s], kRatio:    -nan%
 Layer  7 time:       0.00[s], Ratio:    0.00% => kernel:       0.00[s], kRatio:    -nan%
 Layer  8 time:       0.00[s], Ratio:    0.54% => kernel:       0.00[s], kRatio:    -nan%
 Layer  9 time:       0.00[s], Ratio:    0.11% => kernel:       0.00[s], kRatio:    -nan%
 Layer 10 time:       0.00[s], Ratio:    0.01% => kernel:       0.00[s], kRatio:    -nan%

Total time: 0.86s
