Using CUDA profile cpu

RUNNING BENCHMARK WITH 1 REPETITIONS

Dataset size: 10000
Image size: 3072
Batch size: 16
=> Executing 10000 images in 625 batches of 16...

Matches: 6708/10000
Accuracy: 67.08 %
Reference Accuracy: 72.49 %

Difference: -5.41001
67.08,72.49,-5.41001,99919

Total CPU time: 99.92 [s] => Latency: 9.99 [ms/elem]
Total GPU time: 0.00 [s] => Latency: 0.00 [ms/elem]

 Layer  0 time:       0.00[s], Ratio:    0.00% => kernel:       0.00[s], kRatio:    -nan%
 Layer  1 time:       2.73[s], Ratio:    2.73% => kernel:       0.00[s], kRatio:    -nan%
 Layer  2 time:       3.55[s], Ratio:    3.55% => kernel:       0.00[s], kRatio:    -nan%
 Layer  3 time:      21.97[s], Ratio:   21.99% => kernel:       0.00[s], kRatio:    -nan%
 Layer  4 time:       3.63[s], Ratio:    3.64% => kernel:       0.00[s], kRatio:    -nan%
 Layer  5 time:       0.01[s], Ratio:    0.01% => kernel:       0.00[s], kRatio:    -nan%
 Layer  6 time:      10.36[s], Ratio:   10.37% => kernel:       0.00[s], kRatio:    -nan%
 Layer  7 time:       2.29[s], Ratio:    2.29% => kernel:       0.00[s], kRatio:    -nan%
 Layer  8 time:      20.41[s], Ratio:   20.43% => kernel:       0.00[s], kRatio:    -nan%
 Layer  9 time:       2.15[s], Ratio:    2.15% => kernel:       0.00[s], kRatio:    -nan%
 Layer 10 time:       0.00[s], Ratio:    0.00% => kernel:       0.00[s], kRatio:    -nan%
 Layer 11 time:       9.31[s], Ratio:    9.32% => kernel:       0.00[s], kRatio:    -nan%
 Layer 12 time:       1.13[s], Ratio:    1.13% => kernel:       0.00[s], kRatio:    -nan%
 Layer 13 time:      20.60[s], Ratio:   20.62% => kernel:       0.00[s], kRatio:    -nan%
 Layer 14 time:       0.82[s], Ratio:    0.82% => kernel:       0.00[s], kRatio:    -nan%
 Layer 15 time:       0.00[s], Ratio:    0.00% => kernel:       0.00[s], kRatio:    -nan%
 Layer 16 time:       0.00[s], Ratio:    0.00% => kernel:       0.00[s], kRatio:    -nan%
 Layer 17 time:       0.91[s], Ratio:    0.91% => kernel:       0.00[s], kRatio:    -nan%
 Layer 18 time:       0.02[s], Ratio:    0.02% => kernel:       0.00[s], kRatio:    -nan%
 Layer 19 time:       0.00[s], Ratio:    0.00% => kernel:       0.00[s], kRatio:    -nan%

Total time: 99.89s
