Using CUDA profile cpu

RUNNING BENCHMARK WITH 1 REPETITIONS

Dataset size: 10000
Image size: 784
Batch size: 512
=> Executing 10000 images in 20 batches of 512...

Matches: 9031/10000
Accuracy: 90.31 %
Reference Accuracy: 90.31 %

Difference: -2.44141e-06
90.31,90.31,-2.44141e-06,973

Total CPU time: 0.97 [s] => Latency: 0.10 [ms/elem]
Total GPU time: 0.00 [s] => Latency: 0.00 [ms/elem]

 Layer  0 time:       0.00[s], Ratio:    0.00% => kernel:       0.00[s], kRatio:    -nan%
 Layer  1 time:       0.23[s], Ratio:   23.92% => kernel:       0.00[s], kRatio:    -nan%
 Layer  2 time:       0.34[s], Ratio:   35.17% => kernel:       0.00[s], kRatio:    -nan%
 Layer  3 time:       0.00[s], Ratio:    0.33% => kernel:       0.00[s], kRatio:    -nan%
 Layer  4 time:       0.27[s], Ratio:   27.39% => kernel:       0.00[s], kRatio:    -nan%
 Layer  5 time:       0.12[s], Ratio:   12.45% => kernel:       0.00[s], kRatio:    -nan%
 Layer  6 time:       0.00[s], Ratio:    0.03% => kernel:       0.00[s], kRatio:    -nan%
 Layer  7 time:       0.00[s], Ratio:    0.00% => kernel:       0.00[s], kRatio:    -nan%
 Layer  8 time:       0.01[s], Ratio:    0.57% => kernel:       0.00[s], kRatio:    -nan%
 Layer  9 time:       0.00[s], Ratio:    0.13% => kernel:       0.00[s], kRatio:    -nan%
 Layer 10 time:       0.00[s], Ratio:    0.01% => kernel:       0.00[s], kRatio:    -nan%

Total time: 0.97s
