Using CUDA profile cpu
RUNNING BENCHMARK WITH 1 REPETITIONS

Dataset size: 10000
Image size: 784
Batch size: 2
=> Executing 10000 images in 5000 batches of 2...

Matches: 9031/10000
Accuracy: 90.31 %
Reference Accuracy: 90.31 %

Difference: -2.44141e-06
90.31,90.31,-2.44141e-06,899

Total CPU time: 0.90 [s] => Latency: 0.09 [ms/elem]
Total GPU time: 0.00 [s] => Latency: 0.00 [ms/elem]

Layer 01 time:       0.00[s], Ratio:    0.00% => kernel:       0.00[s], kRatio:    -nan%
Layer 02 time:       0.20[s], Ratio:   22.86% => kernel:       0.00[s], kRatio:    -nan%
Layer 03 time:       0.29[s], Ratio:   32.60% => kernel:       0.00[s], kRatio:    -nan%
Layer 04 time:       0.00[s], Ratio:    0.21% => kernel:       0.00[s], kRatio:    -nan%
Layer 05 time:       0.27[s], Ratio:   29.97% => kernel:       0.00[s], kRatio:    -nan%
Layer 06 time:       0.12[s], Ratio:   13.26% => kernel:       0.00[s], kRatio:    -nan%
Layer 07 time:       0.00[s], Ratio:    0.09% => kernel:       0.00[s], kRatio:    -nan%
Layer 08 time:       0.00[s], Ratio:    0.00% => kernel:       0.00[s], kRatio:    -nan%
Layer 09 time:       0.01[s], Ratio:    0.71% => kernel:       0.00[s], kRatio:    -nan%
Layer 10 time:       0.00[s], Ratio:    0.23% => kernel:       0.00[s], kRatio:    -nan%
Layer 11 time:       0.00[s], Ratio:    0.08% => kernel:       0.00[s], kRatio:    -nan%

Total time: 0.89s
