Using CUDA profile x

RUNNING BENCHMARK WITH 1 REPETITIONS

Dataset size: 10000
Image size: 784
Batch size: 2
=> Executing 10000 images in 5000 batches of 2...

Matches: 9031/10000
Accuracy: 90.31 %
Reference Accuracy: 90.31 %

Difference: -2.44141e-06
90.31,90.31,-2.44141e-06,22781.7

Total CPU time: 22.78 [s] => Latency: 2.28 [ms/elem]
Total GPU time: 4.75 [s] => Latency: 0.48 [ms/elem]

 Layer  0 time:       0.00[s], Ratio:    0.00% => kernel:       0.00[s], kRatio:    0.00%
 Layer  1 time:       4.36[s], Ratio:   19.15% => kernel:       3.41[s], kRatio:   71.77%
 Layer  2 time:       0.32[s], Ratio:    1.42% => kernel:       0.00[s], kRatio:    0.00%
 Layer  3 time:       3.52[s], Ratio:   15.47% => kernel:       0.26[s], kRatio:    5.57%
 Layer  4 time:       3.76[s], Ratio:   16.51% => kernel:       0.68[s], kRatio:   14.31%
 Layer  5 time:       0.13[s], Ratio:    0.59% => kernel:       0.00[s], kRatio:    0.00%
 Layer  6 time:       3.23[s], Ratio:   14.17% => kernel:       0.07[s], kRatio:    1.44%
 Layer  7 time:       0.00[s], Ratio:    0.00% => kernel:       0.00[s], kRatio:    0.00%
 Layer  8 time:       3.83[s], Ratio:   16.83% => kernel:       0.26[s], kRatio:    5.49%
 Layer  9 time:       0.00[s], Ratio:    0.01% => kernel:       0.00[s], kRatio:    0.00%
 Layer 10 time:       3.61[s], Ratio:   15.86% => kernel:       0.07[s], kRatio:    1.43%

Total time: 27.52s
