Using CUDA profile x

RUNNING BENCHMARK WITH 1 REPETITIONS

Dataset size: 10000
Image size: 784
Batch size: 256
=> Executing 10000 images in 40 batches of 256...

Matches: 9031/10000
Accuracy: 90.31 %
Reference Accuracy: 90.31 %

Difference: -2.44141e-06
90.31,90.31,-2.44141e-06,1953.46

Total CPU time: 1.95 [s] => Latency: 0.20 [ms/elem]
Total GPU time: 2.29 [s] => Latency: 0.23 [ms/elem]

 Layer  0 time:       0.00[s], Ratio:    0.00% => kernel:       0.00[s], kRatio:    0.00%
 Layer  1 time:       0.78[s], Ratio:   40.13% => kernel:       1.89[s], kRatio:   82.54%
 Layer  2 time:       0.34[s], Ratio:   17.40% => kernel:       0.00[s], kRatio:    0.00%
 Layer  3 time:       0.28[s], Ratio:   14.30% => kernel:       0.01[s], kRatio:    0.33%
 Layer  4 time:       0.20[s], Ratio:   10.04% => kernel:       0.39[s], kRatio:   16.88%
 Layer  5 time:       0.12[s], Ratio:    6.04% => kernel:       0.00[s], kRatio:    0.00%
 Layer  6 time:       0.13[s], Ratio:    6.46% => kernel:       0.00[s], kRatio:    0.16%
 Layer  7 time:       0.00[s], Ratio:    0.00% => kernel:       0.00[s], kRatio:    0.00%
 Layer  8 time:       0.06[s], Ratio:    3.18% => kernel:       0.00[s], kRatio:    0.09%
 Layer  9 time:       0.00[s], Ratio:    0.07% => kernel:       0.00[s], kRatio:    0.00%
 Layer 10 time:       0.05[s], Ratio:    2.39% => kernel:       0.00[s], kRatio:    0.02%

Total time: 4.24s
