Using CUDA profile x

RUNNING BENCHMARK WITH 1 REPETITIONS

Dataset size: 10000
Image size: 784
Batch size: 4
=> Executing 10000 images in 2500 batches of 4...

Matches: 7724/10000
Accuracy: 77.24 %
Reference Accuracy: 77.24 %

Difference: 5.49316e-06
77.24,77.24,5.49316e-06,21747.9

Total CPU time: 21.75 [s] => Latency: 2.17 [ms/elem]
Total GPU time: 31.35 [s] => Latency: 3.13 [ms/elem]

 Layer  0 time:       0.00[s], Ratio:    0.00% => kernel:       0.00[s], kRatio:    0.00%
 Layer  1 time:       3.68[s], Ratio:   16.94% => kernel:      21.06[s], kRatio:   67.19%
 Layer  2 time:       2.90[s], Ratio:   13.33% => kernel:       0.00[s], kRatio:    0.00%
 Layer  3 time:       3.77[s], Ratio:   17.35% => kernel:       0.15[s], kRatio:    0.47%
 Layer  4 time:       3.26[s], Ratio:   14.99% => kernel:       9.54[s], kRatio:   30.43%
 Layer  5 time:       0.89[s], Ratio:    4.09% => kernel:       0.00[s], kRatio:    0.00%
 Layer  6 time:       2.70[s], Ratio:   12.44% => kernel:       0.17[s], kRatio:    0.56%
 Layer  7 time:       0.00[s], Ratio:    0.00% => kernel:       0.00[s], kRatio:    0.00%
 Layer  8 time:       2.57[s], Ratio:   11.81% => kernel:       0.29[s], kRatio:    0.93%
 Layer  9 time:       0.00[s], Ratio:    0.02% => kernel:       0.00[s], kRatio:    0.00%
 Layer 10 time:       1.96[s], Ratio:    9.03% => kernel:       0.13[s], kRatio:    0.42%

Total time: 53.07s
