Using CUDA profile x

RUNNING BENCHMARK WITH 1 REPETITIONS

Dataset size: 10000
Image size: 784
Batch size: 512
=> Executing 10000 images in 20 batches of 512...

Matches: 9031/10000
Accuracy: 90.31 %
Reference Accuracy: 90.31 %

Difference: -2.44141e-06
90.31,90.31,-2.44141e-06,1098.93

Total CPU time: 1.10 [s] => Latency: 0.11 [ms/elem]
Total GPU time: 2.50 [s] => Latency: 0.25 [ms/elem]

 Layer  0 time:       0.00[s], Ratio:    0.00% => kernel:       0.00[s], kRatio:    0.00%
 Layer  1 time:       0.30[s], Ratio:   27.53% => kernel:       2.11[s], kRatio:   84.62%
 Layer  2 time:       0.34[s], Ratio:   31.02% => kernel:       0.00[s], kRatio:    0.00%
 Layer  3 time:       0.21[s], Ratio:   18.82% => kernel:       0.00[s], kRatio:    0.16%
 Layer  4 time:       0.08[s], Ratio:    7.40% => kernel:       0.38[s], kRatio:   15.14%
 Layer  5 time:       0.11[s], Ratio:   10.14% => kernel:       0.00[s], kRatio:    0.00%
 Layer  6 time:       0.04[s], Ratio:    3.74% => kernel:       0.00[s], kRatio:    0.02%
 Layer  7 time:       0.00[s], Ratio:    0.00% => kernel:       0.00[s], kRatio:    0.00%
 Layer  8 time:       0.01[s], Ratio:    0.94% => kernel:       0.00[s], kRatio:    0.04%
 Layer  9 time:       0.00[s], Ratio:    0.09% => kernel:       0.00[s], kRatio:    0.00%
 Layer 10 time:       0.00[s], Ratio:    0.31% => kernel:       0.00[s], kRatio:    0.00%

Total time: 3.59s
