Using CUDA profile x

RUNNING BENCHMARK WITH 1 REPETITIONS

Dataset size: 10000
Image size: 784
Batch size: 128
=> Executing 10000 images in 79 batches of 128...

Matches: 9031/10000
Accuracy: 90.31 %
Reference Accuracy: 90.31 %

Difference: -2.44141e-06
90.31,90.31,-2.44141e-06,2307.63

Total CPU time: 2.31 [s] => Latency: 0.23 [ms/elem]
Total GPU time: 2.22 [s] => Latency: 0.22 [ms/elem]

 Layer  0 time:       0.00[s], Ratio:    0.00% => kernel:       0.00[s], kRatio:    0.00%
 Layer  1 time:       0.84[s], Ratio:   36.64% => kernel:       1.86[s], kRatio:   84.10%
 Layer  2 time:       0.33[s], Ratio:   14.36% => kernel:       0.00[s], kRatio:    0.00%
 Layer  3 time:       0.36[s], Ratio:   15.72% => kernel:       0.01[s], kRatio:    0.40%
 Layer  4 time:       0.25[s], Ratio:   10.75% => kernel:       0.33[s], kRatio:   15.11%
 Layer  5 time:       0.12[s], Ratio:    5.01% => kernel:       0.00[s], kRatio:    0.00%
 Layer  6 time:       0.21[s], Ratio:    8.90% => kernel:       0.00[s], kRatio:    0.20%
 Layer  7 time:       0.00[s], Ratio:    0.00% => kernel:       0.00[s], kRatio:    0.00%
 Layer  8 time:       0.11[s], Ratio:    4.72% => kernel:       0.00[s], kRatio:    0.17%
 Layer  9 time:       0.00[s], Ratio:    0.06% => kernel:       0.00[s], kRatio:    0.00%
 Layer 10 time:       0.09[s], Ratio:    3.83% => kernel:       0.00[s], kRatio:    0.03%

Total time: 4.52s
