Using CUDA profile yz
RUNNING BENCHMARK WITH 1 REPETITIONS

Dataset size: 10000
Image size: 784
Batch size: 32
=> Executing 10000 images in 313 batches of 32...

Matches: 9031/10000
Accuracy: 90.31 %
Reference Accuracy: 90.31 %

Difference: -2.44141e-06
90.31,90.31,-2.44141e-06,4332.04

Total CPU time: 4.33 [s] => Latency: 0.43 [ms/elem]
Total GPU time: 2.79 [s] => Latency: 0.28 [ms/elem]

Layer 01 time:       0.00[s], Ratio:    0.00% => kernel:       0.00[s], kRatio:    0.00%
Layer 02 time:       1.58[s], Ratio:   36.60% => kernel:       2.61[s], kRatio:   93.27%
Layer 03 time:       0.31[s], Ratio:    7.25% => kernel:       0.00[s], kRatio:    0.00%
Layer 04 time:       0.80[s], Ratio:   18.48% => kernel:       0.03[s], kRatio:    0.99%
Layer 05 time:       0.47[s], Ratio:   10.82% => kernel:       0.11[s], kRatio:    3.86%
Layer 06 time:       0.12[s], Ratio:    2.78% => kernel:       0.00[s], kRatio:    0.00%
Layer 07 time:       0.36[s], Ratio:    8.34% => kernel:       0.02[s], kRatio:    0.71%
Layer 08 time:       0.00[s], Ratio:    0.00% => kernel:       0.00[s], kRatio:    0.00%
Layer 09 time:       0.37[s], Ratio:    8.48% => kernel:       0.03[s], kRatio:    1.03%
Layer 10 time:       0.00[s], Ratio:    0.03% => kernel:       0.00[s], kRatio:    0.00%
Layer 11 time:       0.31[s], Ratio:    7.22% => kernel:       0.00[s], kRatio:    0.15%

Total time: 7.12s
