Using CUDA profile yz

RUNNING BENCHMARK WITH 1 REPETITIONS

Dataset size: 10000
Image size: 784
Batch size: 16
=> Executing 10000 images in 625 batches of 16...

Matches: 9031/10000
Accuracy: 90.31 %
Reference Accuracy: 90.31 %

Difference: -2.44141e-06
90.31,90.31,-2.44141e-06,1615.49

Total CPU time: 1.62 [s] => Latency: 0.16 [ms/elem]
Total GPU time: 0.51 [s] => Latency: 0.05 [ms/elem]

 Layer  0 time:       0.00[s], Ratio:    0.00% => kernel:       0.00[s], kRatio:    0.00%
 Layer  1 time:       0.42[s], Ratio:   25.94% => kernel:       0.37[s], kRatio:   72.46%
 Layer  2 time:       0.29[s], Ratio:   18.06% => kernel:       0.00[s], kRatio:    0.00%
 Layer  3 time:       0.29[s], Ratio:   18.07% => kernel:       0.01[s], kRatio:    2.25%
 Layer  4 time:       0.18[s], Ratio:   11.12% => kernel:       0.07[s], kRatio:   13.94%
 Layer  5 time:       0.11[s], Ratio:    6.55% => kernel:       0.00[s], kRatio:    0.00%
 Layer  6 time:       0.12[s], Ratio:    7.59% => kernel:       0.01[s], kRatio:    1.65%
 Layer  7 time:       0.00[s], Ratio:    0.00% => kernel:       0.00[s], kRatio:    0.00%
 Layer  8 time:       0.11[s], Ratio:    6.91% => kernel:       0.04[s], kRatio:    8.64%
 Layer  9 time:       0.00[s], Ratio:    0.07% => kernel:       0.00[s], kRatio:    0.00%
 Layer 10 time:       0.09[s], Ratio:    5.70% => kernel:       0.01[s], kRatio:    1.06%

Total time: 2.13s
