Using CUDA profile yz

RUNNING BENCHMARK WITH 1 REPETITIONS

Dataset size: 10000
Image size: 784
Batch size: 128
=> Executing 10000 images in 79 batches of 128...

Matches: 9031/10000
Accuracy: 90.31 %
Reference Accuracy: 90.31 %

Difference: -2.44141e-06
90.31,90.31,-2.44141e-06,1291.45

Total CPU time: 1.29 [s] => Latency: 0.13 [ms/elem]
Total GPU time: 0.87 [s] => Latency: 0.09 [ms/elem]

 Layer  0 time:       0.00[s], Ratio:    0.00% => kernel:       0.00[s], kRatio:    0.00%
 Layer  1 time:       0.44[s], Ratio:   34.49% => kernel:       0.74[s], kRatio:   84.97%
 Layer  2 time:       0.32[s], Ratio:   24.96% => kernel:       0.00[s], kRatio:    0.00%
 Layer  3 time:       0.22[s], Ratio:   17.30% => kernel:       0.01[s], kRatio:    1.59%
 Layer  4 time:       0.10[s], Ratio:    7.61% => kernel:       0.07[s], kRatio:    7.67%
 Layer  5 time:       0.11[s], Ratio:    8.51% => kernel:       0.00[s], kRatio:    0.00%
 Layer  6 time:       0.06[s], Ratio:    4.48% => kernel:       0.01[s], kRatio:    0.70%
 Layer  7 time:       0.00[s], Ratio:    0.00% => kernel:       0.00[s], kRatio:    0.00%
 Layer  8 time:       0.02[s], Ratio:    1.64% => kernel:       0.04[s], kRatio:    4.71%
 Layer  9 time:       0.00[s], Ratio:    0.08% => kernel:       0.00[s], kRatio:    0.00%
 Layer 10 time:       0.01[s], Ratio:    0.95% => kernel:       0.00[s], kRatio:    0.34%

Total time: 2.16s
