Using CUDA profile yz

RUNNING BENCHMARK WITH 1 REPETITIONS

Dataset size: 10000
Image size: 784
Batch size: 256
=> Executing 10000 images in 40 batches of 256...

Matches: 9031/10000
Accuracy: 90.31 %
Reference Accuracy: 90.31 %

Difference: -2.44141e-06
90.31,90.31,-2.44141e-06,1110.87

Total CPU time: 1.11 [s] => Latency: 0.11 [ms/elem]
Total GPU time: 1.68 [s] => Latency: 0.17 [ms/elem]

 Layer  0 time:       0.00[s], Ratio:    0.00% => kernel:       0.00[s], kRatio:    0.00%
 Layer  1 time:       0.30[s], Ratio:   26.65% => kernel:       1.49[s], kRatio:   89.00%
 Layer  2 time:       0.33[s], Ratio:   30.02% => kernel:       0.00[s], kRatio:    0.00%
 Layer  3 time:       0.21[s], Ratio:   19.09% => kernel:       0.01[s], kRatio:    0.83%
 Layer  4 time:       0.09[s], Ratio:    8.04% => kernel:       0.12[s], kRatio:    6.97%
 Layer  5 time:       0.11[s], Ratio:    9.93% => kernel:       0.00[s], kRatio:    0.00%
 Layer  6 time:       0.05[s], Ratio:    4.30% => kernel:       0.01[s], kRatio:    0.58%
 Layer  7 time:       0.00[s], Ratio:    0.00% => kernel:       0.00[s], kRatio:    0.00%
 Layer  8 time:       0.01[s], Ratio:    1.29% => kernel:       0.04[s], kRatio:    2.45%
 Layer  9 time:       0.00[s], Ratio:    0.09% => kernel:       0.00[s], kRatio:    0.00%
 Layer 10 time:       0.01[s], Ratio:    0.58% => kernel:       0.00[s], kRatio:    0.17%

Total time: 2.78s
