Using CUDA profile yz

RUNNING BENCHMARK WITH 1 REPETITIONS

Dataset size: 10000
Image size: 784
Batch size: 512
=> Executing 10000 images in 20 batches of 512...

Matches: 9031/10000
Accuracy: 90.31 %
Reference Accuracy: 90.31 %

Difference: -2.44141e-06
90.31,90.31,-2.44141e-06,2081.83

Total CPU time: 2.08 [s] => Latency: 0.21 [ms/elem]
Total GPU time: 4.81 [s] => Latency: 0.48 [ms/elem]

 Layer  0 time:       0.00[s], Ratio:    0.00% => kernel:       0.00[s], kRatio:    0.00%
 Layer  1 time:       1.10[s], Ratio:   52.81% => kernel:       4.41[s], kRatio:   91.63%
 Layer  2 time:       0.34[s], Ratio:   16.29% => kernel:       0.00[s], kRatio:    0.00%
 Layer  3 time:       0.25[s], Ratio:   11.89% => kernel:       0.02[s], kRatio:    0.32%
 Layer  4 time:       0.13[s], Ratio:    6.20% => kernel:       0.36[s], kRatio:    7.38%
 Layer  5 time:       0.12[s], Ratio:    5.96% => kernel:       0.00[s], kRatio:    0.00%
 Layer  6 time:       0.08[s], Ratio:    3.95% => kernel:       0.01[s], kRatio:    0.26%
 Layer  7 time:       0.00[s], Ratio:    0.00% => kernel:       0.00[s], kRatio:    0.00%
 Layer  8 time:       0.04[s], Ratio:    1.72% => kernel:       0.02[s], kRatio:    0.38%
 Layer  9 time:       0.00[s], Ratio:    0.06% => kernel:       0.00[s], kRatio:    0.00%
 Layer 10 time:       0.02[s], Ratio:    1.13% => kernel:       0.00[s], kRatio:    0.02%

Total time: 6.89s
