Using CUDA profile yz

RUNNING BENCHMARK WITH 1 REPETITIONS

Dataset size: 10000
Image size: 3072
Batch size: 2
=> Executing 10000 images in 5000 batches of 2...

Matches: 6708/10000
Accuracy: 67.08 %
Reference Accuracy: 72.49 %

Difference: -5.41001
67.08,72.49,-5.41001,76782.6

Total CPU time: 76.78 [s] => Latency: 7.68 [ms/elem]
Total GPU time: 38.87 [s] => Latency: 3.89 [ms/elem]

 Layer  0 time:       0.00[s], Ratio:    0.00% => kernel:       0.00[s], kRatio:    0.00%
 Layer  1 time:       6.67[s], Ratio:    8.69% => kernel:       6.77[s], kRatio:   17.41%
 Layer  2 time:       3.86[s], Ratio:    5.04% => kernel:       0.00[s], kRatio:    0.00%
 Layer  3 time:      10.04[s], Ratio:   13.08% => kernel:       8.61[s], kRatio:   22.15%
 Layer  4 time:       4.20[s], Ratio:    5.47% => kernel:       0.00[s], kRatio:    0.00%
 Layer  5 time:       5.23[s], Ratio:    6.82% => kernel:       0.30[s], kRatio:    0.78%
 Layer  6 time:       5.35[s], Ratio:    6.97% => kernel:       3.70[s], kRatio:    9.52%
 Layer  7 time:       2.52[s], Ratio:    3.28% => kernel:       0.00[s], kRatio:    0.00%
 Layer  8 time:       5.61[s], Ratio:    7.31% => kernel:       7.27[s], kRatio:   18.72%
 Layer  9 time:       2.46[s], Ratio:    3.21% => kernel:       0.00[s], kRatio:    0.00%
 Layer 10 time:       4.50[s], Ratio:    5.87% => kernel:       0.29[s], kRatio:    0.74%
 Layer 11 time:       5.10[s], Ratio:    6.65% => kernel:       3.46[s], kRatio:    8.91%
 Layer 12 time:       1.38[s], Ratio:    1.79% => kernel:       0.00[s], kRatio:    0.00%
 Layer 13 time:       5.23[s], Ratio:    6.81% => kernel:       6.47[s], kRatio:   16.65%
 Layer 14 time:       0.97[s], Ratio:    1.26% => kernel:       0.00[s], kRatio:    0.00%
 Layer 15 time:       4.12[s], Ratio:    5.37% => kernel:       0.29[s], kRatio:    0.75%
 Layer 16 time:       0.00[s], Ratio:    0.00% => kernel:       0.00[s], kRatio:    0.00%
 Layer 17 time:       5.16[s], Ratio:    6.72% => kernel:       1.61[s], kRatio:    4.13%
 Layer 18 time:       0.02[s], Ratio:    0.03% => kernel:       0.00[s], kRatio:    0.00%
 Layer 19 time:       4.32[s], Ratio:    5.63% => kernel:       0.09[s], kRatio:    0.24%

Total time: 115.60s
