Using CUDA profile yz

RUNNING BENCHMARK WITH 1 REPETITIONS

Dataset size: 10000
Image size: 784
Batch size: 4
=> Executing 10000 images in 2500 batches of 4...

Matches: 9031/10000
Accuracy: 90.31 %
Reference Accuracy: 90.31 %

Difference: -2.44141e-06
90.31,90.31,-2.44141e-06,13120.3

Total CPU time: 13.12 [s] => Latency: 1.31 [ms/elem]
Total GPU time: 1.73 [s] => Latency: 0.17 [ms/elem]

 Layer  0 time:       0.00[s], Ratio:    0.00% => kernel:       0.00[s], kRatio:    0.00%
 Layer  1 time:       3.07[s], Ratio:   23.40% => kernel:       1.08[s], kRatio:   62.30%
 Layer  2 time:       0.37[s], Ratio:    2.83% => kernel:       0.00[s], kRatio:    0.00%
 Layer  3 time:       1.97[s], Ratio:   15.04% => kernel:       0.14[s], kRatio:    8.28%
 Layer  4 time:       2.03[s], Ratio:   15.45% => kernel:       0.22[s], kRatio:   12.67%
 Layer  5 time:       0.12[s], Ratio:    0.95% => kernel:       0.00[s], kRatio:    0.00%
 Layer  6 time:       1.70[s], Ratio:   12.97% => kernel:       0.06[s], kRatio:    3.27%
 Layer  7 time:       0.00[s], Ratio:    0.00% => kernel:       0.00[s], kRatio:    0.00%
 Layer  8 time:       1.97[s], Ratio:   15.03% => kernel:       0.17[s], kRatio:    9.64%
 Layer  9 time:       0.00[s], Ratio:    0.01% => kernel:       0.00[s], kRatio:    0.00%
 Layer 10 time:       1.88[s], Ratio:   14.31% => kernel:       0.07[s], kRatio:    3.83%

Total time: 14.85s
